<?xml version="1.0" encoding="UTF-8"?>
<testsuites name="TestSuite1" time="132" tests="8" failures="1" errors="0">
   <testsuite name="TestSuite1" tests="8" failures="1" errors="0" time="132" timestamp="2018-01-04 15:55:44" hostname="ASUS-HOME$ - ASUS-HOME.lan" id="Test Suites/TestSuite1">
      <properties>
         <property name="deviceName" value=""/>
         <property name="devicePlatform" value=""/>
         <property name="logFolder" value="C:\\Users\\Claudio\\Katalon Studio\\TelepassTest\\Reports\\TestSuite1\\20180104_155542"/>
         <property name="logFiles" value="C:\\Users\\Claudio\\Katalon Studio\\TelepassTest\\Reports\\TestSuite1\\20180104_155542\\execution0.log"/>
         <property name="attachments" value="C:\\Users\\Claudio\\Katalon Studio\\TelepassTest\\Reports\\TestSuite1\\20180104_155542\\1515077783669.png, C:\\Users\\Claudio\\Katalon Studio\\TelepassTest\\Reports\\TestSuite1\\20180104_155542\\1515077783900.png"/>
         <property name="hostName" value="ASUS-HOME$ - ASUS-HOME.lan"/>
         <property name="os" value="Windows 10 64bit"/>
         <property name="katalonVersion" value="5.2.0.1"/>
         <property name="browser" value="Chrome 63.0.3239.84"/>
         <property name="hostAddress" value="192.168.1.80"/>
         <property name="sessionId" value="c6dd209188ffb660e24c401c480eabf3"/>
         <property name="seleniumVersion" value="3.7.1"/>
         <property name="proxyInformation" value="ProxyInformation{proxyOption=NO_PROXY, proxyServerType=HTTP, password=, proxyServerAddress=, proxyServerPort=0}"/>
         <property name="platform" value="Windows 10"/>
      </properties>
      <testcase name="Test Cases/NRT/TC_01_LoginOk - Iteration 1" classname="Test Cases/NRT/TC_01_LoginOk" status="FAILED">
         <failure type="FAILED" message="Test Cases/NRT/TC_01_LoginOk FAILED because (of) Verify element text of test object 'Object Repository/Page_homeContratto/NomeUtenteLoggato' FAILED. (Root cause: com.kms.katalon.core.webui.exception.WebElementNotFoundException: Web element with id: 'Object Repository/Page_homeContratto/NomeUtenteLoggato' located by 'By.xpath: //*[@class = 'cliente-nome']' not found)"/>
         <system-out><![CDATA[2018-01-04 15:55:45 - [TEST_CASE][FAILED] - Test Cases/NRT/TC_01_LoginOk - Iteration 1: Test Cases/NRT/TC_01_LoginOk FAILED because (of) Verify element text of test object 'Object Repository/Page_homeContratto/NomeUtenteLoggato' FAILED. (Root cause: com.kms.katalon.core.webui.exception.WebElementNotFoundException: Web element with id: 'Object Repository/Page_homeContratto/NomeUtenteLoggato' located by 'By.xpath: //*[@class = 'cliente-nome']' not found)

2018-01-04 15:55:45 - [TEST_STEP][PASSED] - callTestCase: Call Test Case 'Test Cases/FunzioniBase/fNavigaHomePage' successfully

2018-01-04 15:55:45 - [TEST_CASE][PASSED] - Test Cases/FunzioniBase/fNavigaHomePage: Test Cases/FunzioniBase/fNavigaHomePage

2018-01-04 15:55:45 - [TEST_STEP][PASSED] - openBrowser: Browser is opened with url: ''

2018-01-04 15:55:48 - [MESSAGE][PASSED] - Browser is opened with url: ''

2018-01-04 15:55:48 - [TEST_STEP][PASSED] - navigateToUrl: Navigate to 'http://www.telepass.it' successfully

2018-01-04 15:55:49 - [MESSAGE][PASSED] - Navigate to 'http://www.telepass.it' successfully

2018-01-04 15:55:49 - [TEST_STEP][PASSED] - switchToWindowTitle: Switched to window with title: 'Telepass: la soluzione di pagamento per la tua mobilità'

2018-01-04 15:55:51 - [MESSAGE][PASSED] - Switched to window with title: 'Telepass: la soluzione di pagamento per la tua mobilità'

2018-01-04 15:55:51 - [MESSAGE][PASSED] - Call Test Case 'Test Cases/FunzioniBase/fNavigaHomePage' successfully

2018-01-04 15:55:51 - [TEST_STEP][PASSED] - callTestCase: Call Test Case 'Test Cases/FunzioniBase/fLogin' successfully

2018-01-04 15:55:51 - [TEST_CASE][PASSED] - Test Cases/FunzioniBase/fLogin: Test Cases/FunzioniBase/fLogin

2018-01-04 15:55:51 - [TEST_STEP][PASSED] - click: Object: 'Object Repository/Page_home/span_Accedi' is clicked on

2018-01-04 15:55:52 - [MESSAGE][PASSED] - Object: 'Object Repository/Page_home/span_Accedi' is clicked on

2018-01-04 15:55:52 - [TEST_STEP][PASSED] - setText: Text 'cgaiani' is set on object 'Object Repository/Page_login/input_username'

2018-01-04 15:55:52 - [MESSAGE][PASSED] - Text 'cgaiani' is set on object 'Object Repository/Page_login/input_username'

2018-01-04 15:55:52 - [TEST_STEP][PASSED] - setText: Text 'alice1234' is set on object 'Object Repository/Page_login/input_password'

2018-01-04 15:55:52 - [MESSAGE][PASSED] - Text 'alice1234' is set on object 'Object Repository/Page_login/input_password'

2018-01-04 15:55:52 - [TEST_STEP][PASSED] - click: Object: 'Object Repository/Page_login/button_ACCEDI' is clicked on

2018-01-04 15:55:53 - [MESSAGE][PASSED] - Object: 'Object Repository/Page_login/button_ACCEDI' is clicked on

2018-01-04 15:55:53 - [MESSAGE][PASSED] - Call Test Case 'Test Cases/FunzioniBase/fLogin' successfully

2018-01-04 15:55:53 - [TEST_STEP][FAILED] - verifyElementText: Verify element text of test object 'Object Repository/Page_homeContratto/NomeUtenteLoggato' FAILED. (Root cause: com.kms.katalon.core.webui.exception.WebElementNotFoundException: Web element with id: 'Object Repository/Page_homeContratto/NomeUtenteLoggato' located by 'By.xpath: //*[@class = 'cliente-nome']' not found)

2018-01-04 15:56:23 - [MESSAGE][FAILED] - com.kms.katalon.core.webui.exception.WebElementNotFoundException: Web element with id: 'Object Repository/Page_homeContratto/NomeUtenteLoggato' located by 'By.xpath: //*[@class = 'cliente-nome']' not found
[[ATTACHMENT|C:\\Users\\Claudio\\Katalon Studio\\TelepassTest\\Reports\\TestSuite1\\20180104_155542\\1515077783669.png]]

2018-01-04 15:56:24 - [MESSAGE][FAILED] - Verify element text of test object 'Object Repository/Page_homeContratto/NomeUtenteLoggato' FAILED. (Root cause: com.kms.katalon.core.webui.exception.WebElementNotFoundException: Web element with id: 'Object Repository/Page_homeContratto/NomeUtenteLoggato' located by 'By.xpath: //*[@class = 'cliente-nome']' not found)
[[ATTACHMENT|C:\\Users\\Claudio\\Katalon Studio\\TelepassTest\\Reports\\TestSuite1\\20180104_155542\\1515077783900.png]]]]></system-out>
         <system-err><![CDATA[2018-01-04 15:55:45 - [TEST_CASE][FAILED] - Test Cases/NRT/TC_01_LoginOk - Iteration 1: Test Cases/NRT/TC_01_LoginOk FAILED because (of) Verify element text of test object 'Object Repository/Page_homeContratto/NomeUtenteLoggato' FAILED. (Root cause: com.kms.katalon.core.webui.exception.WebElementNotFoundException: Web element with id: 'Object Repository/Page_homeContratto/NomeUtenteLoggato' located by 'By.xpath: //*[@class = 'cliente-nome']' not found)]]></system-err>
      </testcase>
      <testcase name="Test Cases/NRT/TC_01_LoginOk - Iteration 2" classname="Test Cases/NRT/TC_01_LoginOk" status="PASSED">
         <system-out><![CDATA[2018-01-04 15:56:24 - [TEST_CASE][PASSED] - Test Cases/NRT/TC_01_LoginOk - Iteration 2: Test Cases/NRT/TC_01_LoginOk

2018-01-04 15:56:24 - [TEST_STEP][PASSED] - callTestCase: Call Test Case 'Test Cases/FunzioniBase/fNavigaHomePage' successfully

2018-01-04 15:56:24 - [TEST_CASE][PASSED] - Test Cases/FunzioniBase/fNavigaHomePage: Test Cases/FunzioniBase/fNavigaHomePage

2018-01-04 15:56:24 - [TEST_STEP][PASSED] - openBrowser: Browser is opened with url: ''

2018-01-04 15:56:24 - [MESSAGE][WARNING] - A browser is already opened. Closing browser and opening a new one

2018-01-04 15:56:26 - [MESSAGE][PASSED] - Browser is opened with url: ''

2018-01-04 15:56:26 - [TEST_STEP][PASSED] - navigateToUrl: Navigate to 'http://www.telepass.it' successfully

2018-01-04 15:56:28 - [MESSAGE][PASSED] - Navigate to 'http://www.telepass.it' successfully

2018-01-04 15:56:28 - [TEST_STEP][PASSED] - switchToWindowTitle: Switched to window with title: 'Telepass: la soluzione di pagamento per la tua mobilità'

2018-01-04 15:56:30 - [MESSAGE][PASSED] - Switched to window with title: 'Telepass: la soluzione di pagamento per la tua mobilità'

2018-01-04 15:56:30 - [MESSAGE][PASSED] - Call Test Case 'Test Cases/FunzioniBase/fNavigaHomePage' successfully

2018-01-04 15:56:30 - [TEST_STEP][PASSED] - callTestCase: Call Test Case 'Test Cases/FunzioniBase/fLogin' successfully

2018-01-04 15:56:31 - [TEST_CASE][PASSED] - Test Cases/FunzioniBase/fLogin: Test Cases/FunzioniBase/fLogin

2018-01-04 15:56:31 - [TEST_STEP][PASSED] - click: Object: 'Object Repository/Page_home/span_Accedi' is clicked on

2018-01-04 15:56:31 - [MESSAGE][PASSED] - Object: 'Object Repository/Page_home/span_Accedi' is clicked on

2018-01-04 15:56:31 - [TEST_STEP][PASSED] - setText: Text 'cgaiani' is set on object 'Object Repository/Page_login/input_username'

2018-01-04 15:56:32 - [MESSAGE][PASSED] - Text 'cgaiani' is set on object 'Object Repository/Page_login/input_username'

2018-01-04 15:56:32 - [TEST_STEP][PASSED] - setText: Text 'alice123' is set on object 'Object Repository/Page_login/input_password'

2018-01-04 15:56:32 - [MESSAGE][PASSED] - Text 'alice123' is set on object 'Object Repository/Page_login/input_password'

2018-01-04 15:56:32 - [TEST_STEP][PASSED] - click: Object: 'Object Repository/Page_login/button_ACCEDI' is clicked on

2018-01-04 15:56:34 - [MESSAGE][PASSED] - Object: 'Object Repository/Page_login/button_ACCEDI' is clicked on

2018-01-04 15:56:34 - [MESSAGE][PASSED] - Call Test Case 'Test Cases/FunzioniBase/fLogin' successfully

2018-01-04 15:56:34 - [TEST_STEP][PASSED] - verifyElementText: Actual text and expected text of test object 'Object Repository/Page_homeContratto/NomeUtenteLoggato' are matched.

2018-01-04 15:56:35 - [MESSAGE][PASSED] - Actual text and expected text of test object 'Object Repository/Page_homeContratto/NomeUtenteLoggato' are matched.

2018-01-04 15:56:35 - [TEST_STEP][PASSED] - closeBrowser: Browser is closed

2018-01-04 15:56:36 - [MESSAGE][PASSED] - Browser is closed]]></system-out>
         <system-err><![CDATA[]]></system-err>
      </testcase>
      <testcase name="Test Cases/NRT/TC_01_LoginOk - Iteration 3" classname="Test Cases/NRT/TC_01_LoginOk" status="PASSED">
         <system-out><![CDATA[2018-01-04 15:56:36 - [TEST_CASE][PASSED] - Test Cases/NRT/TC_01_LoginOk - Iteration 3: Test Cases/NRT/TC_01_LoginOk

2018-01-04 15:56:36 - [TEST_STEP][PASSED] - callTestCase: Call Test Case 'Test Cases/FunzioniBase/fNavigaHomePage' successfully

2018-01-04 15:56:36 - [TEST_CASE][PASSED] - Test Cases/FunzioniBase/fNavigaHomePage: Test Cases/FunzioniBase/fNavigaHomePage

2018-01-04 15:56:36 - [TEST_STEP][PASSED] - openBrowser: Browser is opened with url: ''

2018-01-04 15:56:38 - [MESSAGE][PASSED] - Browser is opened with url: ''

2018-01-04 15:56:38 - [TEST_STEP][PASSED] - navigateToUrl: Navigate to 'http://www.telepass.it' successfully

2018-01-04 15:56:39 - [MESSAGE][PASSED] - Navigate to 'http://www.telepass.it' successfully

2018-01-04 15:56:39 - [TEST_STEP][PASSED] - switchToWindowTitle: Switched to window with title: 'Telepass: la soluzione di pagamento per la tua mobilità'

2018-01-04 15:56:42 - [MESSAGE][PASSED] - Switched to window with title: 'Telepass: la soluzione di pagamento per la tua mobilità'

2018-01-04 15:56:42 - [MESSAGE][PASSED] - Call Test Case 'Test Cases/FunzioniBase/fNavigaHomePage' successfully

2018-01-04 15:56:42 - [TEST_STEP][PASSED] - callTestCase: Call Test Case 'Test Cases/FunzioniBase/fLogin' successfully

2018-01-04 15:56:42 - [TEST_CASE][PASSED] - Test Cases/FunzioniBase/fLogin: Test Cases/FunzioniBase/fLogin

2018-01-04 15:56:42 - [TEST_STEP][PASSED] - click: Object: 'Object Repository/Page_home/span_Accedi' is clicked on

2018-01-04 15:56:43 - [MESSAGE][PASSED] - Object: 'Object Repository/Page_home/span_Accedi' is clicked on

2018-01-04 15:56:43 - [TEST_STEP][PASSED] - setText: Text 'cgaiani' is set on object 'Object Repository/Page_login/input_username'

2018-01-04 15:56:43 - [MESSAGE][PASSED] - Text 'cgaiani' is set on object 'Object Repository/Page_login/input_username'

2018-01-04 15:56:43 - [TEST_STEP][PASSED] - setText: Text 'alice123' is set on object 'Object Repository/Page_login/input_password'

2018-01-04 15:56:43 - [MESSAGE][PASSED] - Text 'alice123' is set on object 'Object Repository/Page_login/input_password'

2018-01-04 15:56:43 - [TEST_STEP][PASSED] - click: Object: 'Object Repository/Page_login/button_ACCEDI' is clicked on

2018-01-04 15:56:45 - [MESSAGE][PASSED] - Object: 'Object Repository/Page_login/button_ACCEDI' is clicked on

2018-01-04 15:56:45 - [MESSAGE][PASSED] - Call Test Case 'Test Cases/FunzioniBase/fLogin' successfully

2018-01-04 15:56:45 - [TEST_STEP][PASSED] - verifyElementText: Actual text and expected text of test object 'Object Repository/Page_homeContratto/NomeUtenteLoggato' are matched.

2018-01-04 15:56:46 - [MESSAGE][PASSED] - Actual text and expected text of test object 'Object Repository/Page_homeContratto/NomeUtenteLoggato' are matched.

2018-01-04 15:56:46 - [TEST_STEP][PASSED] - closeBrowser: Browser is closed

2018-01-04 15:56:47 - [MESSAGE][PASSED] - Browser is closed]]></system-out>
         <system-err><![CDATA[]]></system-err>
      </testcase>
      <testcase name="Test Cases/NRT/TC_01_LoginOk - Iteration 4" classname="Test Cases/NRT/TC_01_LoginOk" status="PASSED">
         <system-out><![CDATA[2018-01-04 15:56:47 - [TEST_CASE][PASSED] - Test Cases/NRT/TC_01_LoginOk - Iteration 4: Test Cases/NRT/TC_01_LoginOk

2018-01-04 15:56:47 - [TEST_STEP][PASSED] - callTestCase: Call Test Case 'Test Cases/FunzioniBase/fNavigaHomePage' successfully

2018-01-04 15:56:47 - [TEST_CASE][PASSED] - Test Cases/FunzioniBase/fNavigaHomePage: Test Cases/FunzioniBase/fNavigaHomePage

2018-01-04 15:56:47 - [TEST_STEP][PASSED] - openBrowser: Browser is opened with url: ''

2018-01-04 15:56:49 - [MESSAGE][PASSED] - Browser is opened with url: ''

2018-01-04 15:56:49 - [TEST_STEP][PASSED] - navigateToUrl: Navigate to 'http://www.telepass.it' successfully

2018-01-04 15:56:50 - [MESSAGE][PASSED] - Navigate to 'http://www.telepass.it' successfully

2018-01-04 15:56:50 - [TEST_STEP][PASSED] - switchToWindowTitle: Switched to window with title: 'Telepass: la soluzione di pagamento per la tua mobilità'

2018-01-04 15:56:53 - [MESSAGE][PASSED] - Switched to window with title: 'Telepass: la soluzione di pagamento per la tua mobilità'

2018-01-04 15:56:53 - [MESSAGE][PASSED] - Call Test Case 'Test Cases/FunzioniBase/fNavigaHomePage' successfully

2018-01-04 15:56:53 - [TEST_STEP][PASSED] - callTestCase: Call Test Case 'Test Cases/FunzioniBase/fLogin' successfully

2018-01-04 15:56:53 - [TEST_CASE][PASSED] - Test Cases/FunzioniBase/fLogin: Test Cases/FunzioniBase/fLogin

2018-01-04 15:56:53 - [TEST_STEP][PASSED] - click: Object: 'Object Repository/Page_home/span_Accedi' is clicked on

2018-01-04 15:56:54 - [MESSAGE][PASSED] - Object: 'Object Repository/Page_home/span_Accedi' is clicked on

2018-01-04 15:56:54 - [TEST_STEP][PASSED] - setText: Text 'cgaiani' is set on object 'Object Repository/Page_login/input_username'

2018-01-04 15:56:54 - [MESSAGE][PASSED] - Text 'cgaiani' is set on object 'Object Repository/Page_login/input_username'

2018-01-04 15:56:54 - [TEST_STEP][PASSED] - setText: Text 'alice123' is set on object 'Object Repository/Page_login/input_password'

2018-01-04 15:56:54 - [MESSAGE][PASSED] - Text 'alice123' is set on object 'Object Repository/Page_login/input_password'

2018-01-04 15:56:54 - [TEST_STEP][PASSED] - click: Object: 'Object Repository/Page_login/button_ACCEDI' is clicked on

2018-01-04 15:56:56 - [MESSAGE][PASSED] - Object: 'Object Repository/Page_login/button_ACCEDI' is clicked on

2018-01-04 15:56:56 - [MESSAGE][PASSED] - Call Test Case 'Test Cases/FunzioniBase/fLogin' successfully

2018-01-04 15:56:56 - [TEST_STEP][PASSED] - verifyElementText: Actual text and expected text of test object 'Object Repository/Page_homeContratto/NomeUtenteLoggato' are matched.

2018-01-04 15:56:57 - [MESSAGE][PASSED] - Actual text and expected text of test object 'Object Repository/Page_homeContratto/NomeUtenteLoggato' are matched.

2018-01-04 15:56:57 - [TEST_STEP][PASSED] - closeBrowser: Browser is closed

2018-01-04 15:56:58 - [MESSAGE][PASSED] - Browser is closed]]></system-out>
         <system-err><![CDATA[]]></system-err>
      </testcase>
      <testcase name="Test Cases/NRT/TC_01_LoginOk - Iteration 5" classname="Test Cases/NRT/TC_01_LoginOk" status="PASSED">
         <system-out><![CDATA[2018-01-04 15:56:58 - [TEST_CASE][PASSED] - Test Cases/NRT/TC_01_LoginOk - Iteration 5: Test Cases/NRT/TC_01_LoginOk

2018-01-04 15:56:58 - [TEST_STEP][PASSED] - callTestCase: Call Test Case 'Test Cases/FunzioniBase/fNavigaHomePage' successfully

2018-01-04 15:56:58 - [TEST_CASE][PASSED] - Test Cases/FunzioniBase/fNavigaHomePage: Test Cases/FunzioniBase/fNavigaHomePage

2018-01-04 15:56:58 - [TEST_STEP][PASSED] - openBrowser: Browser is opened with url: ''

2018-01-04 15:57:00 - [MESSAGE][PASSED] - Browser is opened with url: ''

2018-01-04 15:57:00 - [TEST_STEP][PASSED] - navigateToUrl: Navigate to 'http://www.telepass.it' successfully

2018-01-04 15:57:01 - [MESSAGE][PASSED] - Navigate to 'http://www.telepass.it' successfully

2018-01-04 15:57:01 - [TEST_STEP][PASSED] - switchToWindowTitle: Switched to window with title: 'Telepass: la soluzione di pagamento per la tua mobilità'

2018-01-04 15:57:04 - [MESSAGE][PASSED] - Switched to window with title: 'Telepass: la soluzione di pagamento per la tua mobilità'

2018-01-04 15:57:04 - [MESSAGE][PASSED] - Call Test Case 'Test Cases/FunzioniBase/fNavigaHomePage' successfully

2018-01-04 15:57:04 - [TEST_STEP][PASSED] - callTestCase: Call Test Case 'Test Cases/FunzioniBase/fLogin' successfully

2018-01-04 15:57:04 - [TEST_CASE][PASSED] - Test Cases/FunzioniBase/fLogin: Test Cases/FunzioniBase/fLogin

2018-01-04 15:57:04 - [TEST_STEP][PASSED] - click: Object: 'Object Repository/Page_home/span_Accedi' is clicked on

2018-01-04 15:57:04 - [MESSAGE][PASSED] - Object: 'Object Repository/Page_home/span_Accedi' is clicked on

2018-01-04 15:57:04 - [TEST_STEP][PASSED] - setText: Text 'cgaiani' is set on object 'Object Repository/Page_login/input_username'

2018-01-04 15:57:04 - [MESSAGE][PASSED] - Text 'cgaiani' is set on object 'Object Repository/Page_login/input_username'

2018-01-04 15:57:04 - [TEST_STEP][PASSED] - setText: Text 'alice123' is set on object 'Object Repository/Page_login/input_password'

2018-01-04 15:57:04 - [MESSAGE][PASSED] - Text 'alice123' is set on object 'Object Repository/Page_login/input_password'

2018-01-04 15:57:04 - [TEST_STEP][PASSED] - click: Object: 'Object Repository/Page_login/button_ACCEDI' is clicked on

2018-01-04 15:57:07 - [MESSAGE][PASSED] - Object: 'Object Repository/Page_login/button_ACCEDI' is clicked on

2018-01-04 15:57:07 - [MESSAGE][PASSED] - Call Test Case 'Test Cases/FunzioniBase/fLogin' successfully

2018-01-04 15:57:07 - [TEST_STEP][PASSED] - verifyElementText: Actual text and expected text of test object 'Object Repository/Page_homeContratto/NomeUtenteLoggato' are matched.

2018-01-04 15:57:07 - [MESSAGE][PASSED] - Actual text and expected text of test object 'Object Repository/Page_homeContratto/NomeUtenteLoggato' are matched.

2018-01-04 15:57:07 - [TEST_STEP][PASSED] - closeBrowser: Browser is closed

2018-01-04 15:57:08 - [MESSAGE][PASSED] - Browser is closed]]></system-out>
         <system-err><![CDATA[]]></system-err>
      </testcase>
      <testcase name="Test Cases/NRT/TC_01_LoginOk - Iteration 6" classname="Test Cases/NRT/TC_01_LoginOk" status="PASSED">
         <system-out><![CDATA[2018-01-04 15:57:08 - [TEST_CASE][PASSED] - Test Cases/NRT/TC_01_LoginOk - Iteration 6: Test Cases/NRT/TC_01_LoginOk

2018-01-04 15:57:08 - [TEST_STEP][PASSED] - callTestCase: Call Test Case 'Test Cases/FunzioniBase/fNavigaHomePage' successfully

2018-01-04 15:57:08 - [TEST_CASE][PASSED] - Test Cases/FunzioniBase/fNavigaHomePage: Test Cases/FunzioniBase/fNavigaHomePage

2018-01-04 15:57:08 - [TEST_STEP][PASSED] - openBrowser: Browser is opened with url: ''

2018-01-04 15:57:10 - [MESSAGE][PASSED] - Browser is opened with url: ''

2018-01-04 15:57:10 - [TEST_STEP][PASSED] - navigateToUrl: Navigate to 'http://www.telepass.it' successfully

2018-01-04 15:57:11 - [MESSAGE][PASSED] - Navigate to 'http://www.telepass.it' successfully

2018-01-04 15:57:11 - [TEST_STEP][PASSED] - switchToWindowTitle: Switched to window with title: 'Telepass: la soluzione di pagamento per la tua mobilità'

2018-01-04 15:57:14 - [MESSAGE][PASSED] - Switched to window with title: 'Telepass: la soluzione di pagamento per la tua mobilità'

2018-01-04 15:57:14 - [MESSAGE][PASSED] - Call Test Case 'Test Cases/FunzioniBase/fNavigaHomePage' successfully

2018-01-04 15:57:14 - [TEST_STEP][PASSED] - callTestCase: Call Test Case 'Test Cases/FunzioniBase/fLogin' successfully

2018-01-04 15:57:14 - [TEST_CASE][PASSED] - Test Cases/FunzioniBase/fLogin: Test Cases/FunzioniBase/fLogin

2018-01-04 15:57:14 - [TEST_STEP][PASSED] - click: Object: 'Object Repository/Page_home/span_Accedi' is clicked on

2018-01-04 15:57:15 - [MESSAGE][PASSED] - Object: 'Object Repository/Page_home/span_Accedi' is clicked on

2018-01-04 15:57:15 - [TEST_STEP][PASSED] - setText: Text 'cgaiani' is set on object 'Object Repository/Page_login/input_username'

2018-01-04 15:57:15 - [MESSAGE][PASSED] - Text 'cgaiani' is set on object 'Object Repository/Page_login/input_username'

2018-01-04 15:57:15 - [TEST_STEP][PASSED] - setText: Text 'alice123' is set on object 'Object Repository/Page_login/input_password'

2018-01-04 15:57:15 - [MESSAGE][PASSED] - Text 'alice123' is set on object 'Object Repository/Page_login/input_password'

2018-01-04 15:57:15 - [TEST_STEP][PASSED] - click: Object: 'Object Repository/Page_login/button_ACCEDI' is clicked on

2018-01-04 15:57:17 - [MESSAGE][PASSED] - Object: 'Object Repository/Page_login/button_ACCEDI' is clicked on

2018-01-04 15:57:17 - [MESSAGE][PASSED] - Call Test Case 'Test Cases/FunzioniBase/fLogin' successfully

2018-01-04 15:57:17 - [TEST_STEP][PASSED] - verifyElementText: Actual text and expected text of test object 'Object Repository/Page_homeContratto/NomeUtenteLoggato' are matched.

2018-01-04 15:57:18 - [MESSAGE][PASSED] - Actual text and expected text of test object 'Object Repository/Page_homeContratto/NomeUtenteLoggato' are matched.

2018-01-04 15:57:18 - [TEST_STEP][PASSED] - closeBrowser: Browser is closed

2018-01-04 15:57:19 - [MESSAGE][PASSED] - Browser is closed]]></system-out>
         <system-err><![CDATA[]]></system-err>
      </testcase>
      <testcase name="Test Cases/NRT/TC_01_LoginOk - Iteration 7" classname="Test Cases/NRT/TC_01_LoginOk" status="PASSED">
         <system-out><![CDATA[2018-01-04 15:57:19 - [TEST_CASE][PASSED] - Test Cases/NRT/TC_01_LoginOk - Iteration 7: Test Cases/NRT/TC_01_LoginOk

2018-01-04 15:57:19 - [TEST_STEP][PASSED] - callTestCase: Call Test Case 'Test Cases/FunzioniBase/fNavigaHomePage' successfully

2018-01-04 15:57:19 - [TEST_CASE][PASSED] - Test Cases/FunzioniBase/fNavigaHomePage: Test Cases/FunzioniBase/fNavigaHomePage

2018-01-04 15:57:19 - [TEST_STEP][PASSED] - openBrowser: Browser is opened with url: ''

2018-01-04 15:57:21 - [MESSAGE][PASSED] - Browser is opened with url: ''

2018-01-04 15:57:21 - [TEST_STEP][PASSED] - navigateToUrl: Navigate to 'http://www.telepass.it' successfully

2018-01-04 15:57:22 - [MESSAGE][PASSED] - Navigate to 'http://www.telepass.it' successfully

2018-01-04 15:57:22 - [TEST_STEP][PASSED] - switchToWindowTitle: Switched to window with title: 'Telepass: la soluzione di pagamento per la tua mobilità'

2018-01-04 15:57:25 - [MESSAGE][PASSED] - Switched to window with title: 'Telepass: la soluzione di pagamento per la tua mobilità'

2018-01-04 15:57:25 - [MESSAGE][PASSED] - Call Test Case 'Test Cases/FunzioniBase/fNavigaHomePage' successfully

2018-01-04 15:57:25 - [TEST_STEP][PASSED] - callTestCase: Call Test Case 'Test Cases/FunzioniBase/fLogin' successfully

2018-01-04 15:57:25 - [TEST_CASE][PASSED] - Test Cases/FunzioniBase/fLogin: Test Cases/FunzioniBase/fLogin

2018-01-04 15:57:25 - [TEST_STEP][PASSED] - click: Object: 'Object Repository/Page_home/span_Accedi' is clicked on

2018-01-04 15:57:26 - [MESSAGE][PASSED] - Object: 'Object Repository/Page_home/span_Accedi' is clicked on

2018-01-04 15:57:26 - [TEST_STEP][PASSED] - setText: Text 'cgaiani' is set on object 'Object Repository/Page_login/input_username'

2018-01-04 15:57:26 - [MESSAGE][PASSED] - Text 'cgaiani' is set on object 'Object Repository/Page_login/input_username'

2018-01-04 15:57:26 - [TEST_STEP][PASSED] - setText: Text 'alice123' is set on object 'Object Repository/Page_login/input_password'

2018-01-04 15:57:26 - [MESSAGE][PASSED] - Text 'alice123' is set on object 'Object Repository/Page_login/input_password'

2018-01-04 15:57:26 - [TEST_STEP][PASSED] - click: Object: 'Object Repository/Page_login/button_ACCEDI' is clicked on

2018-01-04 15:57:28 - [MESSAGE][PASSED] - Object: 'Object Repository/Page_login/button_ACCEDI' is clicked on

2018-01-04 15:57:28 - [MESSAGE][PASSED] - Call Test Case 'Test Cases/FunzioniBase/fLogin' successfully

2018-01-04 15:57:28 - [TEST_STEP][PASSED] - verifyElementText: Actual text and expected text of test object 'Object Repository/Page_homeContratto/NomeUtenteLoggato' are matched.

2018-01-04 15:57:29 - [MESSAGE][PASSED] - Actual text and expected text of test object 'Object Repository/Page_homeContratto/NomeUtenteLoggato' are matched.

2018-01-04 15:57:29 - [TEST_STEP][PASSED] - closeBrowser: Browser is closed

2018-01-04 15:57:29 - [MESSAGE][PASSED] - Browser is closed]]></system-out>
         <system-err><![CDATA[]]></system-err>
      </testcase>
      <testcase name="Test Cases/NRT/TC_01_LoginOk - Iteration 8" classname="Test Cases/NRT/TC_01_LoginOk" status="PASSED">
         <system-out><![CDATA[2018-01-04 15:57:29 - [TEST_CASE][PASSED] - Test Cases/NRT/TC_01_LoginOk - Iteration 8: Test Cases/NRT/TC_01_LoginOk

2018-01-04 15:57:29 - [TEST_STEP][PASSED] - callTestCase: Call Test Case 'Test Cases/FunzioniBase/fNavigaHomePage' successfully

2018-01-04 15:57:29 - [TEST_CASE][PASSED] - Test Cases/FunzioniBase/fNavigaHomePage: Test Cases/FunzioniBase/fNavigaHomePage

2018-01-04 15:57:29 - [TEST_STEP][PASSED] - openBrowser: Browser is opened with url: ''

2018-01-04 15:57:31 - [MESSAGE][PASSED] - Browser is opened with url: ''

2018-01-04 15:57:31 - [TEST_STEP][PASSED] - navigateToUrl: Navigate to 'http://www.telepass.it' successfully

2018-01-04 15:57:33 - [MESSAGE][PASSED] - Navigate to 'http://www.telepass.it' successfully

2018-01-04 15:57:33 - [TEST_STEP][PASSED] - switchToWindowTitle: Switched to window with title: 'Telepass: la soluzione di pagamento per la tua mobilità'

2018-01-04 15:57:35 - [MESSAGE][PASSED] - Switched to window with title: 'Telepass: la soluzione di pagamento per la tua mobilità'

2018-01-04 15:57:35 - [MESSAGE][PASSED] - Call Test Case 'Test Cases/FunzioniBase/fNavigaHomePage' successfully

2018-01-04 15:57:35 - [TEST_STEP][PASSED] - callTestCase: Call Test Case 'Test Cases/FunzioniBase/fLogin' successfully

2018-01-04 15:57:35 - [TEST_CASE][PASSED] - Test Cases/FunzioniBase/fLogin: Test Cases/FunzioniBase/fLogin

2018-01-04 15:57:35 - [TEST_STEP][PASSED] - click: Object: 'Object Repository/Page_home/span_Accedi' is clicked on

2018-01-04 15:57:36 - [MESSAGE][PASSED] - Object: 'Object Repository/Page_home/span_Accedi' is clicked on

2018-01-04 15:57:36 - [TEST_STEP][PASSED] - setText: Text 'cgaiani' is set on object 'Object Repository/Page_login/input_username'

2018-01-04 15:57:36 - [MESSAGE][PASSED] - Text 'cgaiani' is set on object 'Object Repository/Page_login/input_username'

2018-01-04 15:57:36 - [TEST_STEP][PASSED] - setText: Text 'alice123' is set on object 'Object Repository/Page_login/input_password'

2018-01-04 15:57:36 - [MESSAGE][PASSED] - Text 'alice123' is set on object 'Object Repository/Page_login/input_password'

2018-01-04 15:57:36 - [TEST_STEP][PASSED] - click: Object: 'Object Repository/Page_login/button_ACCEDI' is clicked on

2018-01-04 15:57:39 - [MESSAGE][PASSED] - Object: 'Object Repository/Page_login/button_ACCEDI' is clicked on

2018-01-04 15:57:39 - [MESSAGE][PASSED] - Call Test Case 'Test Cases/FunzioniBase/fLogin' successfully

2018-01-04 15:57:39 - [TEST_STEP][PASSED] - verifyElementText: Actual text and expected text of test object 'Object Repository/Page_homeContratto/NomeUtenteLoggato' are matched.

2018-01-04 15:57:39 - [MESSAGE][PASSED] - Actual text and expected text of test object 'Object Repository/Page_homeContratto/NomeUtenteLoggato' are matched.

2018-01-04 15:57:39 - [TEST_STEP][PASSED] - closeBrowser: Browser is closed

2018-01-04 15:57:40 - [MESSAGE][PASSED] - Browser is closed]]></system-out>
         <system-err><![CDATA[]]></system-err>
      </testcase>
      <testcase name="Test Cases/NRT/TC_02_CambiaEmail" classname="Test Cases/NRT/TC_02_CambiaEmail" status="PASSED">
         <system-out><![CDATA[2018-01-04 15:57:40 - [TEST_CASE][PASSED] - Test Cases/NRT/TC_02_CambiaEmail: Test Cases/NRT/TC_02_CambiaEmail

2018-01-04 15:57:40 - [TEST_STEP][PASSED] - openBrowser: Browser is opened with url: ''

2018-01-04 15:57:42 - [MESSAGE][PASSED] - Browser is opened with url: ''

2018-01-04 15:57:42 - [TEST_STEP][PASSED] - callTestCase: Call Test Case 'Test Cases/FunzioniBase/fNavigaHomePage' successfully

2018-01-04 15:57:42 - [TEST_CASE][PASSED] - Test Cases/FunzioniBase/fNavigaHomePage: Test Cases/FunzioniBase/fNavigaHomePage

2018-01-04 15:57:42 - [TEST_STEP][PASSED] - openBrowser: Browser is opened with url: ''

2018-01-04 15:57:42 - [MESSAGE][WARNING] - A browser is already opened. Closing browser and opening a new one

2018-01-04 15:57:44 - [MESSAGE][PASSED] - Browser is opened with url: ''

2018-01-04 15:57:44 - [TEST_STEP][PASSED] - navigateToUrl: Navigate to 'http://www.telepass.it' successfully

2018-01-04 15:57:48 - [MESSAGE][PASSED] - Navigate to 'http://www.telepass.it' successfully

2018-01-04 15:57:48 - [TEST_STEP][PASSED] - switchToWindowTitle: Switched to window with title: 'Telepass: la soluzione di pagamento per la tua mobilità'

2018-01-04 15:57:50 - [MESSAGE][PASSED] - Switched to window with title: 'Telepass: la soluzione di pagamento per la tua mobilità'

2018-01-04 15:57:50 - [MESSAGE][PASSED] - Call Test Case 'Test Cases/FunzioniBase/fNavigaHomePage' successfully

2018-01-04 15:57:51 - [TEST_STEP][PASSED] - callTestCase: Call Test Case 'Test Cases/FunzioniBase/fLogin' successfully

2018-01-04 15:57:51 - [TEST_CASE][PASSED] - Test Cases/FunzioniBase/fLogin: Test Cases/FunzioniBase/fLogin

2018-01-04 15:57:51 - [TEST_STEP][PASSED] - click: Object: 'Object Repository/Page_home/span_Accedi' is clicked on

2018-01-04 15:57:51 - [MESSAGE][PASSED] - Object: 'Object Repository/Page_home/span_Accedi' is clicked on

2018-01-04 15:57:51 - [TEST_STEP][PASSED] - setText: Text 'cgaiani' is set on object 'Object Repository/Page_login/input_username'

2018-01-04 15:57:51 - [MESSAGE][PASSED] - Text 'cgaiani' is set on object 'Object Repository/Page_login/input_username'

2018-01-04 15:57:51 - [TEST_STEP][PASSED] - setText: Text 'alice123' is set on object 'Object Repository/Page_login/input_password'

2018-01-04 15:57:51 - [MESSAGE][PASSED] - Text 'alice123' is set on object 'Object Repository/Page_login/input_password'

2018-01-04 15:57:51 - [TEST_STEP][PASSED] - click: Object: 'Object Repository/Page_login/button_ACCEDI' is clicked on

2018-01-04 15:57:53 - [MESSAGE][PASSED] - Object: 'Object Repository/Page_login/button_ACCEDI' is clicked on

2018-01-04 15:57:53 - [MESSAGE][PASSED] - Call Test Case 'Test Cases/FunzioniBase/fLogin' successfully

2018-01-04 15:57:53 - [TEST_STEP][PASSED] - click: Object: 'Object Repository/Page_homeContratto/link_aggiornaDati' is clicked on

2018-01-04 15:57:54 - [MESSAGE][PASSED] - Object: 'Object Repository/Page_homeContratto/link_aggiornaDati' is clicked on

2018-01-04 15:57:54 - [TEST_STEP][PASSED] - click: Object: 'Object Repository/Page_homeContratto/link_aggiornaDati' is clicked on

2018-01-04 15:57:54 - [MESSAGE][PASSED] - Object: 'Object Repository/Page_homeContratto/link_aggiornaDati' is clicked on

2018-01-04 15:57:54 - [TEST_STEP][PASSED] - click: Object: 'Object Repository/Page_clienteModificaDati/link_cambiaEmail' is clicked on

2018-01-04 15:57:55 - [MESSAGE][PASSED] - Object: 'Object Repository/Page_clienteModificaDati/link_cambiaEmail' is clicked on

2018-01-04 15:57:55 - [TEST_STEP][PASSED] - setText: Text 'cgaiani73@gmail.com' is set on object 'Object Repository/Page_clienteModificaDati/input_inputPostaElettronica'

2018-01-04 15:57:56 - [MESSAGE][PASSED] - Text 'cgaiani73@gmail.com' is set on object 'Object Repository/Page_clienteModificaDati/input_inputPostaElettronica'

2018-01-04 15:57:56 - [TEST_STEP][PASSED] - setText: Text 'cgaiani73@gmail.com' is set on object 'Object Repository/Page_clienteModificaDati/input_inputPostaElettronicaVer'

2018-01-04 15:57:56 - [MESSAGE][PASSED] - Text 'cgaiani73@gmail.com' is set on object 'Object Repository/Page_clienteModificaDati/input_inputPostaElettronicaVer'

2018-01-04 15:57:56 - [TEST_STEP][PASSED] - submit: The form containing object: 'Object Repository/Page_clienteModificaDati/modificaForm' is submitted

2018-01-04 15:57:56 - [MESSAGE][PASSED] - The form containing object: 'Object Repository/Page_clienteModificaDati/modificaForm' is submitted

2018-01-04 15:57:56 - [TEST_STEP][PASSED] - closeBrowser: Browser is closed

2018-01-04 15:57:57 - [MESSAGE][PASSED] - Browser is closed]]></system-out>
         <system-err><![CDATA[]]></system-err>
      </testcase>
      <system-out><![CDATA[2018-01-04 15:55:44 - [TEST_SUITE][FAILED] - TestSuite1: Test Cases/NRT/TC_01_LoginOk FAILED because (of) Verify element text of test object 'Object Repository/Page_homeContratto/NomeUtenteLoggato' FAILED. (Root cause: com.kms.katalon.core.webui.exception.WebElementNotFoundException: Web element with id: 'Object Repository/Page_homeContratto/NomeUtenteLoggato' located by 'By.xpath: //*[@class = 'cliente-nome']' not found)]]></system-out>
      <system-err><![CDATA[2018-01-04 15:55:44 - [TEST_SUITE][FAILED] - TestSuite1: Test Cases/NRT/TC_01_LoginOk FAILED because (of) Verify element text of test object 'Object Repository/Page_homeContratto/NomeUtenteLoggato' FAILED. (Root cause: com.kms.katalon.core.webui.exception.WebElementNotFoundException: Web element with id: 'Object Repository/Page_homeContratto/NomeUtenteLoggato' located by 'By.xpath: //*[@class = 'cliente-nome']' not found)]]></system-err>
   </testsuite>
</testsuites>
