<?xml version="1.0" encoding="UTF-8"?>
<testsuites name="TestSuite1" time="131" tests="8" failures="1" errors="0">
   <testsuite name="TestSuite1" tests="8" failures="1" errors="0" time="131" timestamp="2018-01-04 15:07:19" hostname="ASUS-HOME$ - ASUS-HOME.lan" id="Test Suites/TestSuite1">
      <properties>
         <property name="deviceName" value=""/>
         <property name="devicePlatform" value=""/>
         <property name="logFolder" value="C:\\Users\\Claudio\\Katalon Studio\\TelepassTest\\Reports\\TestSuite1\\20180104_150716"/>
         <property name="logFiles" value="C:\\Users\\Claudio\\Katalon Studio\\TelepassTest\\Reports\\TestSuite1\\20180104_150716\\execution0.log"/>
         <property name="attachments" value="C:\\Users\\Claudio\\Katalon Studio\\TelepassTest\\Reports\\TestSuite1\\20180104_150716\\1515074880810.png, C:\\Users\\Claudio\\Katalon Studio\\TelepassTest\\Reports\\TestSuite1\\20180104_150716\\1515074881040.png"/>
         <property name="hostName" value="ASUS-HOME$ - ASUS-HOME.lan"/>
         <property name="os" value="Windows 10 64bit"/>
         <property name="katalonVersion" value="5.2.0.1"/>
         <property name="browser" value="Chrome 63.0.3239.84"/>
         <property name="hostAddress" value="192.168.1.80"/>
         <property name="sessionId" value="227bc9ff3094f4196e0073a30b3c3d42"/>
         <property name="seleniumVersion" value="3.7.1"/>
         <property name="proxyInformation" value="ProxyInformation{proxyOption=NO_PROXY, proxyServerType=HTTP, password=, proxyServerAddress=, proxyServerPort=0}"/>
         <property name="platform" value="Windows 10"/>
      </properties>
      <testcase name="Test Cases/NRT/TC_01_LoginOk - Iteration 1" classname="Test Cases/NRT/TC_01_LoginOk" status="FAILED">
         <failure type="FAILED" message="Test Cases/NRT/TC_01_LoginOk FAILED because (of) Verify element text of test object 'Object Repository/Page_homeContratto/NomeUtenteLoggato' FAILED. (Root cause: com.kms.katalon.core.webui.exception.WebElementNotFoundException: Web element with id: 'Object Repository/Page_homeContratto/NomeUtenteLoggato' located by 'By.xpath: //*[@class = 'cliente-nome']' not found)"/>
         <system-out><![CDATA[2018-01-04 15:07:19 - [TEST_CASE][FAILED] - Test Cases/NRT/TC_01_LoginOk - Iteration 1: Test Cases/NRT/TC_01_LoginOk FAILED because (of) Verify element text of test object 'Object Repository/Page_homeContratto/NomeUtenteLoggato' FAILED. (Root cause: com.kms.katalon.core.webui.exception.WebElementNotFoundException: Web element with id: 'Object Repository/Page_homeContratto/NomeUtenteLoggato' located by 'By.xpath: //*[@class = 'cliente-nome']' not found)

2018-01-04 15:07:20 - [TEST_STEP][PASSED] - callTestCase: Call Test Case 'Test Cases/FunzioniBase/fNavigaHomePage' successfully

2018-01-04 15:07:20 - [TEST_CASE][PASSED] - Test Cases/FunzioniBase/fNavigaHomePage: Test Cases/FunzioniBase/fNavigaHomePage

2018-01-04 15:07:20 - [TEST_STEP][PASSED] - openBrowser: Browser is opened with url: ''

2018-01-04 15:07:23 - [MESSAGE][PASSED] - Browser is opened with url: ''

2018-01-04 15:07:23 - [TEST_STEP][PASSED] - navigateToUrl: Navigate to 'http://www.telepass.it' successfully

2018-01-04 15:07:25 - [MESSAGE][PASSED] - Navigate to 'http://www.telepass.it' successfully

2018-01-04 15:07:25 - [TEST_STEP][PASSED] - switchToWindowTitle: Switched to window with title: 'Telepass: la soluzione di pagamento per la tua mobilità'

2018-01-04 15:07:27 - [MESSAGE][PASSED] - Switched to window with title: 'Telepass: la soluzione di pagamento per la tua mobilità'

2018-01-04 15:07:27 - [MESSAGE][PASSED] - Call Test Case 'Test Cases/FunzioniBase/fNavigaHomePage' successfully

2018-01-04 15:07:27 - [TEST_STEP][PASSED] - callTestCase: Call Test Case 'Test Cases/FunzioniBase/fLogin' successfully

2018-01-04 15:07:27 - [TEST_CASE][PASSED] - Test Cases/FunzioniBase/fLogin: Test Cases/FunzioniBase/fLogin

2018-01-04 15:07:28 - [TEST_STEP][PASSED] - click: Object: 'Object Repository/Page_home/span_Accedi' is clicked on

2018-01-04 15:07:29 - [MESSAGE][PASSED] - Object: 'Object Repository/Page_home/span_Accedi' is clicked on

2018-01-04 15:07:29 - [TEST_STEP][PASSED] - setText: Text 'cgaiani' is set on object 'Object Repository/Page_login/input_username'

2018-01-04 15:07:29 - [MESSAGE][PASSED] - Text 'cgaiani' is set on object 'Object Repository/Page_login/input_username'

2018-01-04 15:07:29 - [TEST_STEP][PASSED] - setText: Text 'alice1234' is set on object 'Object Repository/Page_login/input_password'

2018-01-04 15:07:29 - [MESSAGE][PASSED] - Text 'alice1234' is set on object 'Object Repository/Page_login/input_password'

2018-01-04 15:07:29 - [TEST_STEP][PASSED] - click: Object: 'Object Repository/Page_login/button_ACCEDI' is clicked on

2018-01-04 15:07:30 - [MESSAGE][PASSED] - Object: 'Object Repository/Page_login/button_ACCEDI' is clicked on

2018-01-04 15:07:30 - [MESSAGE][PASSED] - Call Test Case 'Test Cases/FunzioniBase/fLogin' successfully

2018-01-04 15:07:30 - [TEST_STEP][FAILED] - verifyElementText: Verify element text of test object 'Object Repository/Page_homeContratto/NomeUtenteLoggato' FAILED. (Root cause: com.kms.katalon.core.webui.exception.WebElementNotFoundException: Web element with id: 'Object Repository/Page_homeContratto/NomeUtenteLoggato' located by 'By.xpath: //*[@class = 'cliente-nome']' not found)

2018-01-04 15:08:01 - [MESSAGE][FAILED] - com.kms.katalon.core.webui.exception.WebElementNotFoundException: Web element with id: 'Object Repository/Page_homeContratto/NomeUtenteLoggato' located by 'By.xpath: //*[@class = 'cliente-nome']' not found
[[ATTACHMENT|C:\\Users\\Claudio\\Katalon Studio\\TelepassTest\\Reports\\TestSuite1\\20180104_150716\\1515074880810.png]]

2018-01-04 15:08:01 - [MESSAGE][FAILED] - Verify element text of test object 'Object Repository/Page_homeContratto/NomeUtenteLoggato' FAILED. (Root cause: com.kms.katalon.core.webui.exception.WebElementNotFoundException: Web element with id: 'Object Repository/Page_homeContratto/NomeUtenteLoggato' located by 'By.xpath: //*[@class = 'cliente-nome']' not found)
[[ATTACHMENT|C:\\Users\\Claudio\\Katalon Studio\\TelepassTest\\Reports\\TestSuite1\\20180104_150716\\1515074881040.png]]]]></system-out>
         <system-err><![CDATA[2018-01-04 15:07:19 - [TEST_CASE][FAILED] - Test Cases/NRT/TC_01_LoginOk - Iteration 1: Test Cases/NRT/TC_01_LoginOk FAILED because (of) Verify element text of test object 'Object Repository/Page_homeContratto/NomeUtenteLoggato' FAILED. (Root cause: com.kms.katalon.core.webui.exception.WebElementNotFoundException: Web element with id: 'Object Repository/Page_homeContratto/NomeUtenteLoggato' located by 'By.xpath: //*[@class = 'cliente-nome']' not found)]]></system-err>
      </testcase>
      <testcase name="Test Cases/NRT/TC_01_LoginOk - Iteration 2" classname="Test Cases/NRT/TC_01_LoginOk" status="PASSED">
         <system-out><![CDATA[2018-01-04 15:08:01 - [TEST_CASE][PASSED] - Test Cases/NRT/TC_01_LoginOk - Iteration 2: Test Cases/NRT/TC_01_LoginOk

2018-01-04 15:08:01 - [TEST_STEP][PASSED] - callTestCase: Call Test Case 'Test Cases/FunzioniBase/fNavigaHomePage' successfully

2018-01-04 15:08:01 - [TEST_CASE][PASSED] - Test Cases/FunzioniBase/fNavigaHomePage: Test Cases/FunzioniBase/fNavigaHomePage

2018-01-04 15:08:01 - [TEST_STEP][PASSED] - openBrowser: Browser is opened with url: ''

2018-01-04 15:08:01 - [MESSAGE][WARNING] - A browser is already opened. Closing browser and opening a new one

2018-01-04 15:08:03 - [MESSAGE][PASSED] - Browser is opened with url: ''

2018-01-04 15:08:03 - [TEST_STEP][PASSED] - navigateToUrl: Navigate to 'http://www.telepass.it' successfully

2018-01-04 15:08:05 - [MESSAGE][PASSED] - Navigate to 'http://www.telepass.it' successfully

2018-01-04 15:08:05 - [TEST_STEP][PASSED] - switchToWindowTitle: Switched to window with title: 'Telepass: la soluzione di pagamento per la tua mobilità'

2018-01-04 15:08:07 - [MESSAGE][PASSED] - Switched to window with title: 'Telepass: la soluzione di pagamento per la tua mobilità'

2018-01-04 15:08:07 - [MESSAGE][PASSED] - Call Test Case 'Test Cases/FunzioniBase/fNavigaHomePage' successfully

2018-01-04 15:08:07 - [TEST_STEP][PASSED] - callTestCase: Call Test Case 'Test Cases/FunzioniBase/fLogin' successfully

2018-01-04 15:08:08 - [TEST_CASE][PASSED] - Test Cases/FunzioniBase/fLogin: Test Cases/FunzioniBase/fLogin

2018-01-04 15:08:08 - [TEST_STEP][PASSED] - click: Object: 'Object Repository/Page_home/span_Accedi' is clicked on

2018-01-04 15:08:08 - [MESSAGE][PASSED] - Object: 'Object Repository/Page_home/span_Accedi' is clicked on

2018-01-04 15:08:08 - [TEST_STEP][PASSED] - setText: Text 'cgaiani' is set on object 'Object Repository/Page_login/input_username'

2018-01-04 15:08:08 - [MESSAGE][PASSED] - Text 'cgaiani' is set on object 'Object Repository/Page_login/input_username'

2018-01-04 15:08:08 - [TEST_STEP][PASSED] - setText: Text 'alice123' is set on object 'Object Repository/Page_login/input_password'

2018-01-04 15:08:08 - [MESSAGE][PASSED] - Text 'alice123' is set on object 'Object Repository/Page_login/input_password'

2018-01-04 15:08:08 - [TEST_STEP][PASSED] - click: Object: 'Object Repository/Page_login/button_ACCEDI' is clicked on

2018-01-04 15:08:11 - [MESSAGE][PASSED] - Object: 'Object Repository/Page_login/button_ACCEDI' is clicked on

2018-01-04 15:08:11 - [MESSAGE][PASSED] - Call Test Case 'Test Cases/FunzioniBase/fLogin' successfully

2018-01-04 15:08:11 - [TEST_STEP][PASSED] - verifyElementText: Actual text and expected text of test object 'Object Repository/Page_homeContratto/NomeUtenteLoggato' are matched.

2018-01-04 15:08:12 - [MESSAGE][PASSED] - Actual text and expected text of test object 'Object Repository/Page_homeContratto/NomeUtenteLoggato' are matched.

2018-01-04 15:08:12 - [TEST_STEP][PASSED] - closeBrowser: Browser is closed

2018-01-04 15:08:13 - [MESSAGE][PASSED] - Browser is closed]]></system-out>
         <system-err><![CDATA[]]></system-err>
      </testcase>
      <testcase name="Test Cases/NRT/TC_01_LoginOk - Iteration 3" classname="Test Cases/NRT/TC_01_LoginOk" status="PASSED">
         <system-out><![CDATA[2018-01-04 15:08:13 - [TEST_CASE][PASSED] - Test Cases/NRT/TC_01_LoginOk - Iteration 3: Test Cases/NRT/TC_01_LoginOk

2018-01-04 15:08:13 - [TEST_STEP][PASSED] - callTestCase: Call Test Case 'Test Cases/FunzioniBase/fNavigaHomePage' successfully

2018-01-04 15:08:13 - [TEST_CASE][PASSED] - Test Cases/FunzioniBase/fNavigaHomePage: Test Cases/FunzioniBase/fNavigaHomePage

2018-01-04 15:08:13 - [TEST_STEP][PASSED] - openBrowser: Browser is opened with url: ''

2018-01-04 15:08:15 - [MESSAGE][PASSED] - Browser is opened with url: ''

2018-01-04 15:08:15 - [TEST_STEP][PASSED] - navigateToUrl: Navigate to 'http://www.telepass.it' successfully

2018-01-04 15:08:16 - [MESSAGE][PASSED] - Navigate to 'http://www.telepass.it' successfully

2018-01-04 15:08:16 - [TEST_STEP][PASSED] - switchToWindowTitle: Switched to window with title: 'Telepass: la soluzione di pagamento per la tua mobilità'

2018-01-04 15:08:19 - [MESSAGE][PASSED] - Switched to window with title: 'Telepass: la soluzione di pagamento per la tua mobilità'

2018-01-04 15:08:19 - [MESSAGE][PASSED] - Call Test Case 'Test Cases/FunzioniBase/fNavigaHomePage' successfully

2018-01-04 15:08:19 - [TEST_STEP][PASSED] - callTestCase: Call Test Case 'Test Cases/FunzioniBase/fLogin' successfully

2018-01-04 15:08:19 - [TEST_CASE][PASSED] - Test Cases/FunzioniBase/fLogin: Test Cases/FunzioniBase/fLogin

2018-01-04 15:08:19 - [TEST_STEP][PASSED] - click: Object: 'Object Repository/Page_home/span_Accedi' is clicked on

2018-01-04 15:08:19 - [MESSAGE][PASSED] - Object: 'Object Repository/Page_home/span_Accedi' is clicked on

2018-01-04 15:08:19 - [TEST_STEP][PASSED] - setText: Text 'cgaiani' is set on object 'Object Repository/Page_login/input_username'

2018-01-04 15:08:19 - [MESSAGE][PASSED] - Text 'cgaiani' is set on object 'Object Repository/Page_login/input_username'

2018-01-04 15:08:19 - [TEST_STEP][PASSED] - setText: Text 'alice123' is set on object 'Object Repository/Page_login/input_password'

2018-01-04 15:08:19 - [MESSAGE][PASSED] - Text 'alice123' is set on object 'Object Repository/Page_login/input_password'

2018-01-04 15:08:19 - [TEST_STEP][PASSED] - click: Object: 'Object Repository/Page_login/button_ACCEDI' is clicked on

2018-01-04 15:08:22 - [MESSAGE][PASSED] - Object: 'Object Repository/Page_login/button_ACCEDI' is clicked on

2018-01-04 15:08:22 - [MESSAGE][PASSED] - Call Test Case 'Test Cases/FunzioniBase/fLogin' successfully

2018-01-04 15:08:22 - [TEST_STEP][PASSED] - verifyElementText: Actual text and expected text of test object 'Object Repository/Page_homeContratto/NomeUtenteLoggato' are matched.

2018-01-04 15:08:22 - [MESSAGE][PASSED] - Actual text and expected text of test object 'Object Repository/Page_homeContratto/NomeUtenteLoggato' are matched.

2018-01-04 15:08:22 - [TEST_STEP][PASSED] - closeBrowser: Browser is closed

2018-01-04 15:08:23 - [MESSAGE][PASSED] - Browser is closed]]></system-out>
         <system-err><![CDATA[]]></system-err>
      </testcase>
      <testcase name="Test Cases/NRT/TC_01_LoginOk - Iteration 4" classname="Test Cases/NRT/TC_01_LoginOk" status="PASSED">
         <system-out><![CDATA[2018-01-04 15:08:23 - [TEST_CASE][PASSED] - Test Cases/NRT/TC_01_LoginOk - Iteration 4: Test Cases/NRT/TC_01_LoginOk

2018-01-04 15:08:23 - [TEST_STEP][PASSED] - callTestCase: Call Test Case 'Test Cases/FunzioniBase/fNavigaHomePage' successfully

2018-01-04 15:08:23 - [TEST_CASE][PASSED] - Test Cases/FunzioniBase/fNavigaHomePage: Test Cases/FunzioniBase/fNavigaHomePage

2018-01-04 15:08:23 - [TEST_STEP][PASSED] - openBrowser: Browser is opened with url: ''

2018-01-04 15:08:25 - [MESSAGE][PASSED] - Browser is opened with url: ''

2018-01-04 15:08:25 - [TEST_STEP][PASSED] - navigateToUrl: Navigate to 'http://www.telepass.it' successfully

2018-01-04 15:08:27 - [MESSAGE][PASSED] - Navigate to 'http://www.telepass.it' successfully

2018-01-04 15:08:27 - [TEST_STEP][PASSED] - switchToWindowTitle: Switched to window with title: 'Telepass: la soluzione di pagamento per la tua mobilità'

2018-01-04 15:08:28 - [MESSAGE][PASSED] - Switched to window with title: 'Telepass: la soluzione di pagamento per la tua mobilità'

2018-01-04 15:08:28 - [MESSAGE][PASSED] - Call Test Case 'Test Cases/FunzioniBase/fNavigaHomePage' successfully

2018-01-04 15:08:28 - [TEST_STEP][PASSED] - callTestCase: Call Test Case 'Test Cases/FunzioniBase/fLogin' successfully

2018-01-04 15:08:28 - [TEST_CASE][PASSED] - Test Cases/FunzioniBase/fLogin: Test Cases/FunzioniBase/fLogin

2018-01-04 15:08:28 - [TEST_STEP][PASSED] - click: Object: 'Object Repository/Page_home/span_Accedi' is clicked on

2018-01-04 15:08:28 - [MESSAGE][PASSED] - Object: 'Object Repository/Page_home/span_Accedi' is clicked on

2018-01-04 15:08:28 - [TEST_STEP][PASSED] - setText: Text 'cgaiani' is set on object 'Object Repository/Page_login/input_username'

2018-01-04 15:08:28 - [MESSAGE][PASSED] - Text 'cgaiani' is set on object 'Object Repository/Page_login/input_username'

2018-01-04 15:08:28 - [TEST_STEP][PASSED] - setText: Text 'alice123' is set on object 'Object Repository/Page_login/input_password'

2018-01-04 15:08:28 - [MESSAGE][PASSED] - Text 'alice123' is set on object 'Object Repository/Page_login/input_password'

2018-01-04 15:08:28 - [TEST_STEP][PASSED] - click: Object: 'Object Repository/Page_login/button_ACCEDI' is clicked on

2018-01-04 15:08:31 - [MESSAGE][PASSED] - Object: 'Object Repository/Page_login/button_ACCEDI' is clicked on

2018-01-04 15:08:31 - [MESSAGE][PASSED] - Call Test Case 'Test Cases/FunzioniBase/fLogin' successfully

2018-01-04 15:08:31 - [TEST_STEP][PASSED] - verifyElementText: Actual text and expected text of test object 'Object Repository/Page_homeContratto/NomeUtenteLoggato' are matched.

2018-01-04 15:08:32 - [MESSAGE][PASSED] - Actual text and expected text of test object 'Object Repository/Page_homeContratto/NomeUtenteLoggato' are matched.

2018-01-04 15:08:32 - [TEST_STEP][PASSED] - closeBrowser: Browser is closed

2018-01-04 15:08:33 - [MESSAGE][PASSED] - Browser is closed]]></system-out>
         <system-err><![CDATA[]]></system-err>
      </testcase>
      <testcase name="Test Cases/NRT/TC_01_LoginOk - Iteration 5" classname="Test Cases/NRT/TC_01_LoginOk" status="PASSED">
         <system-out><![CDATA[2018-01-04 15:08:33 - [TEST_CASE][PASSED] - Test Cases/NRT/TC_01_LoginOk - Iteration 5: Test Cases/NRT/TC_01_LoginOk

2018-01-04 15:08:33 - [TEST_STEP][PASSED] - callTestCase: Call Test Case 'Test Cases/FunzioniBase/fNavigaHomePage' successfully

2018-01-04 15:08:33 - [TEST_CASE][PASSED] - Test Cases/FunzioniBase/fNavigaHomePage: Test Cases/FunzioniBase/fNavigaHomePage

2018-01-04 15:08:33 - [TEST_STEP][PASSED] - openBrowser: Browser is opened with url: ''

2018-01-04 15:08:35 - [MESSAGE][PASSED] - Browser is opened with url: ''

2018-01-04 15:08:35 - [TEST_STEP][PASSED] - navigateToUrl: Navigate to 'http://www.telepass.it' successfully

2018-01-04 15:08:36 - [MESSAGE][PASSED] - Navigate to 'http://www.telepass.it' successfully

2018-01-04 15:08:36 - [TEST_STEP][PASSED] - switchToWindowTitle: Switched to window with title: 'Telepass: la soluzione di pagamento per la tua mobilità'

2018-01-04 15:08:39 - [MESSAGE][PASSED] - Switched to window with title: 'Telepass: la soluzione di pagamento per la tua mobilità'

2018-01-04 15:08:39 - [MESSAGE][PASSED] - Call Test Case 'Test Cases/FunzioniBase/fNavigaHomePage' successfully

2018-01-04 15:08:39 - [TEST_STEP][PASSED] - callTestCase: Call Test Case 'Test Cases/FunzioniBase/fLogin' successfully

2018-01-04 15:08:39 - [TEST_CASE][PASSED] - Test Cases/FunzioniBase/fLogin: Test Cases/FunzioniBase/fLogin

2018-01-04 15:08:39 - [TEST_STEP][PASSED] - click: Object: 'Object Repository/Page_home/span_Accedi' is clicked on

2018-01-04 15:08:39 - [MESSAGE][PASSED] - Object: 'Object Repository/Page_home/span_Accedi' is clicked on

2018-01-04 15:08:39 - [TEST_STEP][PASSED] - setText: Text 'cgaiani' is set on object 'Object Repository/Page_login/input_username'

2018-01-04 15:08:39 - [MESSAGE][PASSED] - Text 'cgaiani' is set on object 'Object Repository/Page_login/input_username'

2018-01-04 15:08:39 - [TEST_STEP][PASSED] - setText: Text 'alice123' is set on object 'Object Repository/Page_login/input_password'

2018-01-04 15:08:39 - [MESSAGE][PASSED] - Text 'alice123' is set on object 'Object Repository/Page_login/input_password'

2018-01-04 15:08:39 - [TEST_STEP][PASSED] - click: Object: 'Object Repository/Page_login/button_ACCEDI' is clicked on

2018-01-04 15:08:42 - [MESSAGE][PASSED] - Object: 'Object Repository/Page_login/button_ACCEDI' is clicked on

2018-01-04 15:08:42 - [MESSAGE][PASSED] - Call Test Case 'Test Cases/FunzioniBase/fLogin' successfully

2018-01-04 15:08:42 - [TEST_STEP][PASSED] - verifyElementText: Actual text and expected text of test object 'Object Repository/Page_homeContratto/NomeUtenteLoggato' are matched.

2018-01-04 15:08:42 - [MESSAGE][PASSED] - Actual text and expected text of test object 'Object Repository/Page_homeContratto/NomeUtenteLoggato' are matched.

2018-01-04 15:08:42 - [TEST_STEP][PASSED] - closeBrowser: Browser is closed

2018-01-04 15:08:43 - [MESSAGE][PASSED] - Browser is closed]]></system-out>
         <system-err><![CDATA[]]></system-err>
      </testcase>
      <testcase name="Test Cases/NRT/TC_01_LoginOk - Iteration 6" classname="Test Cases/NRT/TC_01_LoginOk" status="PASSED">
         <system-out><![CDATA[2018-01-04 15:08:43 - [TEST_CASE][PASSED] - Test Cases/NRT/TC_01_LoginOk - Iteration 6: Test Cases/NRT/TC_01_LoginOk

2018-01-04 15:08:43 - [TEST_STEP][PASSED] - callTestCase: Call Test Case 'Test Cases/FunzioniBase/fNavigaHomePage' successfully

2018-01-04 15:08:43 - [TEST_CASE][PASSED] - Test Cases/FunzioniBase/fNavigaHomePage: Test Cases/FunzioniBase/fNavigaHomePage

2018-01-04 15:08:43 - [TEST_STEP][PASSED] - openBrowser: Browser is opened with url: ''

2018-01-04 15:08:45 - [MESSAGE][PASSED] - Browser is opened with url: ''

2018-01-04 15:08:45 - [TEST_STEP][PASSED] - navigateToUrl: Navigate to 'http://www.telepass.it' successfully

2018-01-04 15:08:46 - [MESSAGE][PASSED] - Navigate to 'http://www.telepass.it' successfully

2018-01-04 15:08:46 - [TEST_STEP][PASSED] - switchToWindowTitle: Switched to window with title: 'Telepass: la soluzione di pagamento per la tua mobilità'

2018-01-04 15:08:49 - [MESSAGE][PASSED] - Switched to window with title: 'Telepass: la soluzione di pagamento per la tua mobilità'

2018-01-04 15:08:49 - [MESSAGE][PASSED] - Call Test Case 'Test Cases/FunzioniBase/fNavigaHomePage' successfully

2018-01-04 15:08:49 - [TEST_STEP][PASSED] - callTestCase: Call Test Case 'Test Cases/FunzioniBase/fLogin' successfully

2018-01-04 15:08:49 - [TEST_CASE][PASSED] - Test Cases/FunzioniBase/fLogin: Test Cases/FunzioniBase/fLogin

2018-01-04 15:08:49 - [TEST_STEP][PASSED] - click: Object: 'Object Repository/Page_home/span_Accedi' is clicked on

2018-01-04 15:08:49 - [MESSAGE][PASSED] - Object: 'Object Repository/Page_home/span_Accedi' is clicked on

2018-01-04 15:08:49 - [TEST_STEP][PASSED] - setText: Text 'cgaiani' is set on object 'Object Repository/Page_login/input_username'

2018-01-04 15:08:49 - [MESSAGE][PASSED] - Text 'cgaiani' is set on object 'Object Repository/Page_login/input_username'

2018-01-04 15:08:49 - [TEST_STEP][PASSED] - setText: Text 'alice123' is set on object 'Object Repository/Page_login/input_password'

2018-01-04 15:08:49 - [MESSAGE][PASSED] - Text 'alice123' is set on object 'Object Repository/Page_login/input_password'

2018-01-04 15:08:49 - [TEST_STEP][PASSED] - click: Object: 'Object Repository/Page_login/button_ACCEDI' is clicked on

2018-01-04 15:08:52 - [MESSAGE][PASSED] - Object: 'Object Repository/Page_login/button_ACCEDI' is clicked on

2018-01-04 15:08:52 - [MESSAGE][PASSED] - Call Test Case 'Test Cases/FunzioniBase/fLogin' successfully

2018-01-04 15:08:52 - [TEST_STEP][PASSED] - verifyElementText: Actual text and expected text of test object 'Object Repository/Page_homeContratto/NomeUtenteLoggato' are matched.

2018-01-04 15:08:53 - [MESSAGE][PASSED] - Actual text and expected text of test object 'Object Repository/Page_homeContratto/NomeUtenteLoggato' are matched.

2018-01-04 15:08:53 - [TEST_STEP][PASSED] - closeBrowser: Browser is closed

2018-01-04 15:08:53 - [MESSAGE][PASSED] - Browser is closed]]></system-out>
         <system-err><![CDATA[]]></system-err>
      </testcase>
      <testcase name="Test Cases/NRT/TC_01_LoginOk - Iteration 7" classname="Test Cases/NRT/TC_01_LoginOk" status="PASSED">
         <system-out><![CDATA[2018-01-04 15:08:53 - [TEST_CASE][PASSED] - Test Cases/NRT/TC_01_LoginOk - Iteration 7: Test Cases/NRT/TC_01_LoginOk

2018-01-04 15:08:53 - [TEST_STEP][PASSED] - callTestCase: Call Test Case 'Test Cases/FunzioniBase/fNavigaHomePage' successfully

2018-01-04 15:08:53 - [TEST_CASE][PASSED] - Test Cases/FunzioniBase/fNavigaHomePage: Test Cases/FunzioniBase/fNavigaHomePage

2018-01-04 15:08:53 - [TEST_STEP][PASSED] - openBrowser: Browser is opened with url: ''

2018-01-04 15:08:55 - [MESSAGE][PASSED] - Browser is opened with url: ''

2018-01-04 15:08:55 - [TEST_STEP][PASSED] - navigateToUrl: Navigate to 'http://www.telepass.it' successfully

2018-01-04 15:08:57 - [MESSAGE][PASSED] - Navigate to 'http://www.telepass.it' successfully

2018-01-04 15:08:57 - [TEST_STEP][PASSED] - switchToWindowTitle: Switched to window with title: 'Telepass: la soluzione di pagamento per la tua mobilità'

2018-01-04 15:08:59 - [MESSAGE][PASSED] - Switched to window with title: 'Telepass: la soluzione di pagamento per la tua mobilità'

2018-01-04 15:08:59 - [MESSAGE][PASSED] - Call Test Case 'Test Cases/FunzioniBase/fNavigaHomePage' successfully

2018-01-04 15:08:59 - [TEST_STEP][PASSED] - callTestCase: Call Test Case 'Test Cases/FunzioniBase/fLogin' successfully

2018-01-04 15:08:59 - [TEST_CASE][PASSED] - Test Cases/FunzioniBase/fLogin: Test Cases/FunzioniBase/fLogin

2018-01-04 15:08:59 - [TEST_STEP][PASSED] - click: Object: 'Object Repository/Page_home/span_Accedi' is clicked on

2018-01-04 15:09:00 - [MESSAGE][PASSED] - Object: 'Object Repository/Page_home/span_Accedi' is clicked on

2018-01-04 15:09:00 - [TEST_STEP][PASSED] - setText: Text 'cgaiani' is set on object 'Object Repository/Page_login/input_username'

2018-01-04 15:09:00 - [MESSAGE][PASSED] - Text 'cgaiani' is set on object 'Object Repository/Page_login/input_username'

2018-01-04 15:09:00 - [TEST_STEP][PASSED] - setText: Text 'alice123' is set on object 'Object Repository/Page_login/input_password'

2018-01-04 15:09:00 - [MESSAGE][PASSED] - Text 'alice123' is set on object 'Object Repository/Page_login/input_password'

2018-01-04 15:09:00 - [TEST_STEP][PASSED] - click: Object: 'Object Repository/Page_login/button_ACCEDI' is clicked on

2018-01-04 15:09:03 - [MESSAGE][PASSED] - Object: 'Object Repository/Page_login/button_ACCEDI' is clicked on

2018-01-04 15:09:03 - [MESSAGE][PASSED] - Call Test Case 'Test Cases/FunzioniBase/fLogin' successfully

2018-01-04 15:09:03 - [TEST_STEP][PASSED] - verifyElementText: Actual text and expected text of test object 'Object Repository/Page_homeContratto/NomeUtenteLoggato' are matched.

2018-01-04 15:09:03 - [MESSAGE][PASSED] - Actual text and expected text of test object 'Object Repository/Page_homeContratto/NomeUtenteLoggato' are matched.

2018-01-04 15:09:03 - [TEST_STEP][PASSED] - closeBrowser: Browser is closed

2018-01-04 15:09:04 - [MESSAGE][PASSED] - Browser is closed]]></system-out>
         <system-err><![CDATA[]]></system-err>
      </testcase>
      <testcase name="Test Cases/NRT/TC_01_LoginOk - Iteration 8" classname="Test Cases/NRT/TC_01_LoginOk" status="PASSED">
         <system-out><![CDATA[2018-01-04 15:09:04 - [TEST_CASE][PASSED] - Test Cases/NRT/TC_01_LoginOk - Iteration 8: Test Cases/NRT/TC_01_LoginOk

2018-01-04 15:09:04 - [TEST_STEP][PASSED] - callTestCase: Call Test Case 'Test Cases/FunzioniBase/fNavigaHomePage' successfully

2018-01-04 15:09:04 - [TEST_CASE][PASSED] - Test Cases/FunzioniBase/fNavigaHomePage: Test Cases/FunzioniBase/fNavigaHomePage

2018-01-04 15:09:04 - [TEST_STEP][PASSED] - openBrowser: Browser is opened with url: ''

2018-01-04 15:09:06 - [MESSAGE][PASSED] - Browser is opened with url: ''

2018-01-04 15:09:06 - [TEST_STEP][PASSED] - navigateToUrl: Navigate to 'http://www.telepass.it' successfully

2018-01-04 15:09:08 - [MESSAGE][PASSED] - Navigate to 'http://www.telepass.it' successfully

2018-01-04 15:09:08 - [TEST_STEP][PASSED] - switchToWindowTitle: Switched to window with title: 'Telepass: la soluzione di pagamento per la tua mobilità'

2018-01-04 15:09:11 - [MESSAGE][PASSED] - Switched to window with title: 'Telepass: la soluzione di pagamento per la tua mobilità'

2018-01-04 15:09:11 - [MESSAGE][PASSED] - Call Test Case 'Test Cases/FunzioniBase/fNavigaHomePage' successfully

2018-01-04 15:09:11 - [TEST_STEP][PASSED] - callTestCase: Call Test Case 'Test Cases/FunzioniBase/fLogin' successfully

2018-01-04 15:09:11 - [TEST_CASE][PASSED] - Test Cases/FunzioniBase/fLogin: Test Cases/FunzioniBase/fLogin

2018-01-04 15:09:11 - [TEST_STEP][PASSED] - click: Object: 'Object Repository/Page_home/span_Accedi' is clicked on

2018-01-04 15:09:11 - [MESSAGE][PASSED] - Object: 'Object Repository/Page_home/span_Accedi' is clicked on

2018-01-04 15:09:11 - [TEST_STEP][PASSED] - setText: Text 'cgaiani' is set on object 'Object Repository/Page_login/input_username'

2018-01-04 15:09:11 - [MESSAGE][PASSED] - Text 'cgaiani' is set on object 'Object Repository/Page_login/input_username'

2018-01-04 15:09:11 - [TEST_STEP][PASSED] - setText: Text 'alice123' is set on object 'Object Repository/Page_login/input_password'

2018-01-04 15:09:11 - [MESSAGE][PASSED] - Text 'alice123' is set on object 'Object Repository/Page_login/input_password'

2018-01-04 15:09:11 - [TEST_STEP][PASSED] - click: Object: 'Object Repository/Page_login/button_ACCEDI' is clicked on

2018-01-04 15:09:14 - [MESSAGE][PASSED] - Object: 'Object Repository/Page_login/button_ACCEDI' is clicked on

2018-01-04 15:09:14 - [MESSAGE][PASSED] - Call Test Case 'Test Cases/FunzioniBase/fLogin' successfully

2018-01-04 15:09:14 - [TEST_STEP][PASSED] - verifyElementText: Actual text and expected text of test object 'Object Repository/Page_homeContratto/NomeUtenteLoggato' are matched.

2018-01-04 15:09:14 - [MESSAGE][PASSED] - Actual text and expected text of test object 'Object Repository/Page_homeContratto/NomeUtenteLoggato' are matched.

2018-01-04 15:09:14 - [TEST_STEP][PASSED] - closeBrowser: Browser is closed

2018-01-04 15:09:15 - [MESSAGE][PASSED] - Browser is closed]]></system-out>
         <system-err><![CDATA[]]></system-err>
      </testcase>
      <testcase name="Test Cases/NRT/TC_02_CambiaEmail" classname="Test Cases/NRT/TC_02_CambiaEmail" status="PASSED">
         <system-out><![CDATA[2018-01-04 15:09:15 - [TEST_CASE][PASSED] - Test Cases/NRT/TC_02_CambiaEmail: Test Cases/NRT/TC_02_CambiaEmail

2018-01-04 15:09:15 - [TEST_STEP][PASSED] - openBrowser: Browser is opened with url: ''

2018-01-04 15:09:17 - [MESSAGE][PASSED] - Browser is opened with url: ''

2018-01-04 15:09:17 - [TEST_STEP][PASSED] - callTestCase: Call Test Case 'Test Cases/FunzioniBase/fNavigaHomePage' successfully

2018-01-04 15:09:17 - [TEST_CASE][PASSED] - Test Cases/FunzioniBase/fNavigaHomePage: Test Cases/FunzioniBase/fNavigaHomePage

2018-01-04 15:09:17 - [TEST_STEP][PASSED] - openBrowser: Browser is opened with url: ''

2018-01-04 15:09:17 - [MESSAGE][WARNING] - A browser is already opened. Closing browser and opening a new one

2018-01-04 15:09:20 - [MESSAGE][PASSED] - Browser is opened with url: ''

2018-01-04 15:09:20 - [TEST_STEP][PASSED] - navigateToUrl: Navigate to 'http://www.telepass.it' successfully

2018-01-04 15:09:21 - [MESSAGE][PASSED] - Navigate to 'http://www.telepass.it' successfully

2018-01-04 15:09:21 - [TEST_STEP][PASSED] - switchToWindowTitle: Switched to window with title: 'Telepass: la soluzione di pagamento per la tua mobilità'

2018-01-04 15:09:24 - [MESSAGE][PASSED] - Switched to window with title: 'Telepass: la soluzione di pagamento per la tua mobilità'

2018-01-04 15:09:24 - [MESSAGE][PASSED] - Call Test Case 'Test Cases/FunzioniBase/fNavigaHomePage' successfully

2018-01-04 15:09:24 - [TEST_STEP][PASSED] - callTestCase: Call Test Case 'Test Cases/FunzioniBase/fLogin' successfully

2018-01-04 15:09:24 - [TEST_CASE][PASSED] - Test Cases/FunzioniBase/fLogin: Test Cases/FunzioniBase/fLogin

2018-01-04 15:09:24 - [TEST_STEP][PASSED] - click: Object: 'Object Repository/Page_home/span_Accedi' is clicked on

2018-01-04 15:09:24 - [MESSAGE][PASSED] - Object: 'Object Repository/Page_home/span_Accedi' is clicked on

2018-01-04 15:09:24 - [TEST_STEP][PASSED] - setText: Text 'cgaiani' is set on object 'Object Repository/Page_login/input_username'

2018-01-04 15:09:25 - [MESSAGE][PASSED] - Text 'cgaiani' is set on object 'Object Repository/Page_login/input_username'

2018-01-04 15:09:25 - [TEST_STEP][PASSED] - setText: Text 'alice123' is set on object 'Object Repository/Page_login/input_password'

2018-01-04 15:09:25 - [MESSAGE][PASSED] - Text 'alice123' is set on object 'Object Repository/Page_login/input_password'

2018-01-04 15:09:25 - [TEST_STEP][PASSED] - click: Object: 'Object Repository/Page_login/button_ACCEDI' is clicked on

2018-01-04 15:09:27 - [MESSAGE][PASSED] - Object: 'Object Repository/Page_login/button_ACCEDI' is clicked on

2018-01-04 15:09:27 - [MESSAGE][PASSED] - Call Test Case 'Test Cases/FunzioniBase/fLogin' successfully

2018-01-04 15:09:27 - [TEST_STEP][PASSED] - click: Object: 'Object Repository/Page_homeContratto/link_aggiornaDati' is clicked on

2018-01-04 15:09:28 - [MESSAGE][PASSED] - Object: 'Object Repository/Page_homeContratto/link_aggiornaDati' is clicked on

2018-01-04 15:09:28 - [TEST_STEP][PASSED] - click: Object: 'Object Repository/Page_homeContratto/link_aggiornaDati' is clicked on

2018-01-04 15:09:28 - [MESSAGE][PASSED] - Object: 'Object Repository/Page_homeContratto/link_aggiornaDati' is clicked on

2018-01-04 15:09:28 - [TEST_STEP][PASSED] - click: Object: 'Object Repository/Page_clienteModificaDati/link_cambiaEmail' is clicked on

2018-01-04 15:09:29 - [MESSAGE][PASSED] - Object: 'Object Repository/Page_clienteModificaDati/link_cambiaEmail' is clicked on

2018-01-04 15:09:29 - [TEST_STEP][PASSED] - setText: Text 'cgaiani73@gmail.com' is set on object 'Object Repository/Page_clienteModificaDati/input_inputPostaElettronica'

2018-01-04 15:09:29 - [MESSAGE][PASSED] - Text 'cgaiani73@gmail.com' is set on object 'Object Repository/Page_clienteModificaDati/input_inputPostaElettronica'

2018-01-04 15:09:29 - [TEST_STEP][PASSED] - setText: Text 'cgaiani73@gmail.com' is set on object 'Object Repository/Page_clienteModificaDati/input_inputPostaElettronicaVer'

2018-01-04 15:09:29 - [MESSAGE][PASSED] - Text 'cgaiani73@gmail.com' is set on object 'Object Repository/Page_clienteModificaDati/input_inputPostaElettronicaVer'

2018-01-04 15:09:29 - [TEST_STEP][PASSED] - submit: The form containing object: 'Object Repository/Page_clienteModificaDati/modificaForm' is submitted

2018-01-04 15:09:30 - [MESSAGE][PASSED] - The form containing object: 'Object Repository/Page_clienteModificaDati/modificaForm' is submitted

2018-01-04 15:09:30 - [TEST_STEP][PASSED] - closeBrowser: Browser is closed

2018-01-04 15:09:30 - [MESSAGE][PASSED] - Browser is closed]]></system-out>
         <system-err><![CDATA[]]></system-err>
      </testcase>
      <system-out><![CDATA[2018-01-04 15:07:19 - [TEST_SUITE][FAILED] - TestSuite1: Test Cases/NRT/TC_01_LoginOk FAILED because (of) Verify element text of test object 'Object Repository/Page_homeContratto/NomeUtenteLoggato' FAILED. (Root cause: com.kms.katalon.core.webui.exception.WebElementNotFoundException: Web element with id: 'Object Repository/Page_homeContratto/NomeUtenteLoggato' located by 'By.xpath: //*[@class = 'cliente-nome']' not found)]]></system-out>
      <system-err><![CDATA[2018-01-04 15:07:19 - [TEST_SUITE][FAILED] - TestSuite1: Test Cases/NRT/TC_01_LoginOk FAILED because (of) Verify element text of test object 'Object Repository/Page_homeContratto/NomeUtenteLoggato' FAILED. (Root cause: com.kms.katalon.core.webui.exception.WebElementNotFoundException: Web element with id: 'Object Repository/Page_homeContratto/NomeUtenteLoggato' located by 'By.xpath: //*[@class = 'cliente-nome']' not found)]]></system-err>
   </testsuite>
</testsuites>
