<?xml version="1.0" encoding="UTF-8"?>
<testsuites name="TestSuite1" time="132" tests="8" failures="1" errors="0">
   <testsuite name="TestSuite1" tests="8" failures="1" errors="0" time="132" timestamp="2018-01-04 14:53:54" hostname="ASUS-HOME$ - ASUS-HOME.lan" id="Test Suites/TestSuite1">
      <properties>
         <property name="deviceName" value=""/>
         <property name="devicePlatform" value=""/>
         <property name="logFolder" value="C:\\Users\\Claudio\\Katalon Studio\\TelepassTest\\Reports\\TestSuite1\\20180104_145205"/>
         <property name="logFiles" value="C:\\Users\\Claudio\\Katalon Studio\\TelepassTest\\Reports\\TestSuite1\\20180104_145205\\execution0.log"/>
         <property name="attachments" value="C:\\Users\\Claudio\\Katalon Studio\\TelepassTest\\Reports\\TestSuite1\\20180104_145205\\1515074075459.png, C:\\Users\\Claudio\\Katalon Studio\\TelepassTest\\Reports\\TestSuite1\\20180104_145205\\1515074075689.png"/>
         <property name="hostName" value="ASUS-HOME$ - ASUS-HOME.lan"/>
         <property name="os" value="Windows 10 64bit"/>
         <property name="katalonVersion" value="5.2.0.1"/>
         <property name="browser" value="Chrome 63.0.3239.84"/>
         <property name="hostAddress" value="192.168.1.80"/>
         <property name="sessionId" value="8c27c358d5f460dc1b3be013464e4682"/>
         <property name="seleniumVersion" value="3.7.1"/>
         <property name="proxyInformation" value="ProxyInformation{proxyOption=NO_PROXY, proxyServerType=HTTP, password=, proxyServerAddress=, proxyServerPort=0}"/>
         <property name="platform" value="Windows 10"/>
      </properties>
      <testcase name="Test Cases/NRT/TC_01_LoginOk - Iteration 1" classname="Test Cases/NRT/TC_01_LoginOk" status="FAILED">
         <failure type="FAILED" message="Test Cases/NRT/TC_01_LoginOk FAILED because (of) Verify element text of test object 'Object Repository/Page_homeContratto/NomeUtenteLoggato' FAILED. (Root cause: com.kms.katalon.core.webui.exception.WebElementNotFoundException: Web element with id: 'Object Repository/Page_homeContratto/NomeUtenteLoggato' located by 'By.xpath: //*[@class = 'cliente-nome']' not found)"/>
         <system-out><![CDATA[2018-01-04 14:53:54 - [TEST_CASE][FAILED] - Test Cases/NRT/TC_01_LoginOk - Iteration 1: Test Cases/NRT/TC_01_LoginOk FAILED because (of) Verify element text of test object 'Object Repository/Page_homeContratto/NomeUtenteLoggato' FAILED. (Root cause: com.kms.katalon.core.webui.exception.WebElementNotFoundException: Web element with id: 'Object Repository/Page_homeContratto/NomeUtenteLoggato' located by 'By.xpath: //*[@class = 'cliente-nome']' not found)

2018-01-04 14:53:55 - [TEST_STEP][PASSED] - callTestCase: Call Test Case 'Test Cases/FunzioniBase/fNavigaHomePage' successfully

2018-01-04 14:53:55 - [TEST_CASE][PASSED] - Test Cases/FunzioniBase/fNavigaHomePage: Test Cases/FunzioniBase/fNavigaHomePage

2018-01-04 14:53:55 - [TEST_STEP][PASSED] - openBrowser: Browser is opened with url: ''

2018-01-04 14:53:58 - [MESSAGE][PASSED] - Browser is opened with url: ''

2018-01-04 14:53:58 - [TEST_STEP][PASSED] - navigateToUrl: Navigate to 'http://www.telepass.it' successfully

2018-01-04 14:54:00 - [MESSAGE][PASSED] - Navigate to 'http://www.telepass.it' successfully

2018-01-04 14:54:00 - [TEST_STEP][PASSED] - switchToWindowTitle: Switched to window with title: 'Telepass: la soluzione di pagamento per la tua mobilità'

2018-01-04 14:54:03 - [MESSAGE][PASSED] - Switched to window with title: 'Telepass: la soluzione di pagamento per la tua mobilità'

2018-01-04 14:54:03 - [MESSAGE][PASSED] - Call Test Case 'Test Cases/FunzioniBase/fNavigaHomePage' successfully

2018-01-04 14:54:03 - [TEST_STEP][PASSED] - callTestCase: Call Test Case 'Test Cases/FunzioniBase/fLogin' successfully

2018-01-04 14:54:03 - [TEST_CASE][PASSED] - Test Cases/FunzioniBase/fLogin: Test Cases/FunzioniBase/fLogin

2018-01-04 14:54:03 - [TEST_STEP][PASSED] - click: Object: 'Object Repository/Page_home/span_Accedi' is clicked on

2018-01-04 14:54:04 - [MESSAGE][PASSED] - Object: 'Object Repository/Page_home/span_Accedi' is clicked on

2018-01-04 14:54:04 - [TEST_STEP][PASSED] - setText: Text 'cgaiani' is set on object 'Object Repository/Page_login/input_username'

2018-01-04 14:54:04 - [MESSAGE][PASSED] - Text 'cgaiani' is set on object 'Object Repository/Page_login/input_username'

2018-01-04 14:54:04 - [TEST_STEP][PASSED] - setText: Text 'alice1234' is set on object 'Object Repository/Page_login/input_password'

2018-01-04 14:54:04 - [MESSAGE][PASSED] - Text 'alice1234' is set on object 'Object Repository/Page_login/input_password'

2018-01-04 14:54:04 - [TEST_STEP][PASSED] - click: Object: 'Object Repository/Page_login/button_ACCEDI' is clicked on

2018-01-04 14:54:04 - [MESSAGE][PASSED] - Object: 'Object Repository/Page_login/button_ACCEDI' is clicked on

2018-01-04 14:54:04 - [MESSAGE][PASSED] - Call Test Case 'Test Cases/FunzioniBase/fLogin' successfully

2018-01-04 14:54:04 - [TEST_STEP][FAILED] - verifyElementText: Verify element text of test object 'Object Repository/Page_homeContratto/NomeUtenteLoggato' FAILED. (Root cause: com.kms.katalon.core.webui.exception.WebElementNotFoundException: Web element with id: 'Object Repository/Page_homeContratto/NomeUtenteLoggato' located by 'By.xpath: //*[@class = 'cliente-nome']' not found)

2018-01-04 14:54:35 - [MESSAGE][FAILED] - com.kms.katalon.core.webui.exception.WebElementNotFoundException: Web element with id: 'Object Repository/Page_homeContratto/NomeUtenteLoggato' located by 'By.xpath: //*[@class = 'cliente-nome']' not found
[[ATTACHMENT|C:\\Users\\Claudio\\Katalon Studio\\TelepassTest\\Reports\\TestSuite1\\20180104_145205\\1515074075459.png]]

2018-01-04 14:54:35 - [MESSAGE][FAILED] - Verify element text of test object 'Object Repository/Page_homeContratto/NomeUtenteLoggato' FAILED. (Root cause: com.kms.katalon.core.webui.exception.WebElementNotFoundException: Web element with id: 'Object Repository/Page_homeContratto/NomeUtenteLoggato' located by 'By.xpath: //*[@class = 'cliente-nome']' not found)
[[ATTACHMENT|C:\\Users\\Claudio\\Katalon Studio\\TelepassTest\\Reports\\TestSuite1\\20180104_145205\\1515074075689.png]]]]></system-out>
         <system-err><![CDATA[2018-01-04 14:53:54 - [TEST_CASE][FAILED] - Test Cases/NRT/TC_01_LoginOk - Iteration 1: Test Cases/NRT/TC_01_LoginOk FAILED because (of) Verify element text of test object 'Object Repository/Page_homeContratto/NomeUtenteLoggato' FAILED. (Root cause: com.kms.katalon.core.webui.exception.WebElementNotFoundException: Web element with id: 'Object Repository/Page_homeContratto/NomeUtenteLoggato' located by 'By.xpath: //*[@class = 'cliente-nome']' not found)]]></system-err>
      </testcase>
      <testcase name="Test Cases/NRT/TC_01_LoginOk - Iteration 2" classname="Test Cases/NRT/TC_01_LoginOk" status="PASSED">
         <system-out><![CDATA[2018-01-04 14:54:35 - [TEST_CASE][PASSED] - Test Cases/NRT/TC_01_LoginOk - Iteration 2: Test Cases/NRT/TC_01_LoginOk

2018-01-04 14:54:35 - [TEST_STEP][PASSED] - callTestCase: Call Test Case 'Test Cases/FunzioniBase/fNavigaHomePage' successfully

2018-01-04 14:54:36 - [TEST_CASE][PASSED] - Test Cases/FunzioniBase/fNavigaHomePage: Test Cases/FunzioniBase/fNavigaHomePage

2018-01-04 14:54:36 - [TEST_STEP][PASSED] - openBrowser: Browser is opened with url: ''

2018-01-04 14:54:36 - [MESSAGE][WARNING] - A browser is already opened. Closing browser and opening a new one

2018-01-04 14:54:38 - [MESSAGE][PASSED] - Browser is opened with url: ''

2018-01-04 14:54:38 - [TEST_STEP][PASSED] - navigateToUrl: Navigate to 'http://www.telepass.it' successfully

2018-01-04 14:54:40 - [MESSAGE][PASSED] - Navigate to 'http://www.telepass.it' successfully

2018-01-04 14:54:40 - [TEST_STEP][PASSED] - switchToWindowTitle: Switched to window with title: 'Telepass: la soluzione di pagamento per la tua mobilità'

2018-01-04 14:54:42 - [MESSAGE][PASSED] - Switched to window with title: 'Telepass: la soluzione di pagamento per la tua mobilità'

2018-01-04 14:54:42 - [MESSAGE][PASSED] - Call Test Case 'Test Cases/FunzioniBase/fNavigaHomePage' successfully

2018-01-04 14:54:42 - [TEST_STEP][PASSED] - callTestCase: Call Test Case 'Test Cases/FunzioniBase/fLogin' successfully

2018-01-04 14:54:43 - [TEST_CASE][PASSED] - Test Cases/FunzioniBase/fLogin: Test Cases/FunzioniBase/fLogin

2018-01-04 14:54:43 - [TEST_STEP][PASSED] - click: Object: 'Object Repository/Page_home/span_Accedi' is clicked on

2018-01-04 14:54:43 - [MESSAGE][PASSED] - Object: 'Object Repository/Page_home/span_Accedi' is clicked on

2018-01-04 14:54:43 - [TEST_STEP][PASSED] - setText: Text 'cgaiani' is set on object 'Object Repository/Page_login/input_username'

2018-01-04 14:54:43 - [MESSAGE][PASSED] - Text 'cgaiani' is set on object 'Object Repository/Page_login/input_username'

2018-01-04 14:54:43 - [TEST_STEP][PASSED] - setText: Text 'alice123' is set on object 'Object Repository/Page_login/input_password'

2018-01-04 14:54:43 - [MESSAGE][PASSED] - Text 'alice123' is set on object 'Object Repository/Page_login/input_password'

2018-01-04 14:54:43 - [TEST_STEP][PASSED] - click: Object: 'Object Repository/Page_login/button_ACCEDI' is clicked on

2018-01-04 14:54:46 - [MESSAGE][PASSED] - Object: 'Object Repository/Page_login/button_ACCEDI' is clicked on

2018-01-04 14:54:46 - [MESSAGE][PASSED] - Call Test Case 'Test Cases/FunzioniBase/fLogin' successfully

2018-01-04 14:54:46 - [TEST_STEP][PASSED] - verifyElementText: Actual text and expected text of test object 'Object Repository/Page_homeContratto/NomeUtenteLoggato' are matched.

2018-01-04 14:54:46 - [MESSAGE][PASSED] - Actual text and expected text of test object 'Object Repository/Page_homeContratto/NomeUtenteLoggato' are matched.

2018-01-04 14:54:46 - [TEST_STEP][PASSED] - closeBrowser: Browser is closed

2018-01-04 14:54:47 - [MESSAGE][PASSED] - Browser is closed]]></system-out>
         <system-err><![CDATA[]]></system-err>
      </testcase>
      <testcase name="Test Cases/NRT/TC_01_LoginOk - Iteration 3" classname="Test Cases/NRT/TC_01_LoginOk" status="PASSED">
         <system-out><![CDATA[2018-01-04 14:54:47 - [TEST_CASE][PASSED] - Test Cases/NRT/TC_01_LoginOk - Iteration 3: Test Cases/NRT/TC_01_LoginOk

2018-01-04 14:54:47 - [TEST_STEP][PASSED] - callTestCase: Call Test Case 'Test Cases/FunzioniBase/fNavigaHomePage' successfully

2018-01-04 14:54:47 - [TEST_CASE][PASSED] - Test Cases/FunzioniBase/fNavigaHomePage: Test Cases/FunzioniBase/fNavigaHomePage

2018-01-04 14:54:47 - [TEST_STEP][PASSED] - openBrowser: Browser is opened with url: ''

2018-01-04 14:54:49 - [MESSAGE][PASSED] - Browser is opened with url: ''

2018-01-04 14:54:49 - [TEST_STEP][PASSED] - navigateToUrl: Navigate to 'http://www.telepass.it' successfully

2018-01-04 14:54:51 - [MESSAGE][PASSED] - Navigate to 'http://www.telepass.it' successfully

2018-01-04 14:54:51 - [TEST_STEP][PASSED] - switchToWindowTitle: Switched to window with title: 'Telepass: la soluzione di pagamento per la tua mobilità'

2018-01-04 14:54:52 - [MESSAGE][PASSED] - Switched to window with title: 'Telepass: la soluzione di pagamento per la tua mobilità'

2018-01-04 14:54:52 - [MESSAGE][PASSED] - Call Test Case 'Test Cases/FunzioniBase/fNavigaHomePage' successfully

2018-01-04 14:54:52 - [TEST_STEP][PASSED] - callTestCase: Call Test Case 'Test Cases/FunzioniBase/fLogin' successfully

2018-01-04 14:54:52 - [TEST_CASE][PASSED] - Test Cases/FunzioniBase/fLogin: Test Cases/FunzioniBase/fLogin

2018-01-04 14:54:52 - [TEST_STEP][PASSED] - click: Object: 'Object Repository/Page_home/span_Accedi' is clicked on

2018-01-04 14:54:52 - [MESSAGE][PASSED] - Object: 'Object Repository/Page_home/span_Accedi' is clicked on

2018-01-04 14:54:52 - [TEST_STEP][PASSED] - setText: Text 'cgaiani' is set on object 'Object Repository/Page_login/input_username'

2018-01-04 14:54:53 - [MESSAGE][PASSED] - Text 'cgaiani' is set on object 'Object Repository/Page_login/input_username'

2018-01-04 14:54:53 - [TEST_STEP][PASSED] - setText: Text 'alice123' is set on object 'Object Repository/Page_login/input_password'

2018-01-04 14:54:53 - [MESSAGE][PASSED] - Text 'alice123' is set on object 'Object Repository/Page_login/input_password'

2018-01-04 14:54:53 - [TEST_STEP][PASSED] - click: Object: 'Object Repository/Page_login/button_ACCEDI' is clicked on

2018-01-04 14:54:55 - [MESSAGE][PASSED] - Object: 'Object Repository/Page_login/button_ACCEDI' is clicked on

2018-01-04 14:54:55 - [MESSAGE][PASSED] - Call Test Case 'Test Cases/FunzioniBase/fLogin' successfully

2018-01-04 14:54:55 - [TEST_STEP][PASSED] - verifyElementText: Actual text and expected text of test object 'Object Repository/Page_homeContratto/NomeUtenteLoggato' are matched.

2018-01-04 14:54:56 - [MESSAGE][PASSED] - Actual text and expected text of test object 'Object Repository/Page_homeContratto/NomeUtenteLoggato' are matched.

2018-01-04 14:54:56 - [TEST_STEP][PASSED] - closeBrowser: Browser is closed

2018-01-04 14:54:56 - [MESSAGE][PASSED] - Browser is closed]]></system-out>
         <system-err><![CDATA[]]></system-err>
      </testcase>
      <testcase name="Test Cases/NRT/TC_01_LoginOk - Iteration 4" classname="Test Cases/NRT/TC_01_LoginOk" status="PASSED">
         <system-out><![CDATA[2018-01-04 14:54:56 - [TEST_CASE][PASSED] - Test Cases/NRT/TC_01_LoginOk - Iteration 4: Test Cases/NRT/TC_01_LoginOk

2018-01-04 14:54:56 - [TEST_STEP][PASSED] - callTestCase: Call Test Case 'Test Cases/FunzioniBase/fNavigaHomePage' successfully

2018-01-04 14:54:57 - [TEST_CASE][PASSED] - Test Cases/FunzioniBase/fNavigaHomePage: Test Cases/FunzioniBase/fNavigaHomePage

2018-01-04 14:54:57 - [TEST_STEP][PASSED] - openBrowser: Browser is opened with url: ''

2018-01-04 14:54:58 - [MESSAGE][PASSED] - Browser is opened with url: ''

2018-01-04 14:54:58 - [TEST_STEP][PASSED] - navigateToUrl: Navigate to 'http://www.telepass.it' successfully

2018-01-04 14:55:00 - [MESSAGE][PASSED] - Navigate to 'http://www.telepass.it' successfully

2018-01-04 14:55:00 - [TEST_STEP][PASSED] - switchToWindowTitle: Switched to window with title: 'Telepass: la soluzione di pagamento per la tua mobilità'

2018-01-04 14:55:03 - [MESSAGE][PASSED] - Switched to window with title: 'Telepass: la soluzione di pagamento per la tua mobilità'

2018-01-04 14:55:03 - [MESSAGE][PASSED] - Call Test Case 'Test Cases/FunzioniBase/fNavigaHomePage' successfully

2018-01-04 14:55:03 - [TEST_STEP][PASSED] - callTestCase: Call Test Case 'Test Cases/FunzioniBase/fLogin' successfully

2018-01-04 14:55:03 - [TEST_CASE][PASSED] - Test Cases/FunzioniBase/fLogin: Test Cases/FunzioniBase/fLogin

2018-01-04 14:55:03 - [TEST_STEP][PASSED] - click: Object: 'Object Repository/Page_home/span_Accedi' is clicked on

2018-01-04 14:55:03 - [MESSAGE][PASSED] - Object: 'Object Repository/Page_home/span_Accedi' is clicked on

2018-01-04 14:55:03 - [TEST_STEP][PASSED] - setText: Text 'cgaiani' is set on object 'Object Repository/Page_login/input_username'

2018-01-04 14:55:04 - [MESSAGE][PASSED] - Text 'cgaiani' is set on object 'Object Repository/Page_login/input_username'

2018-01-04 14:55:04 - [TEST_STEP][PASSED] - setText: Text 'alice123' is set on object 'Object Repository/Page_login/input_password'

2018-01-04 14:55:04 - [MESSAGE][PASSED] - Text 'alice123' is set on object 'Object Repository/Page_login/input_password'

2018-01-04 14:55:04 - [TEST_STEP][PASSED] - click: Object: 'Object Repository/Page_login/button_ACCEDI' is clicked on

2018-01-04 14:55:06 - [MESSAGE][PASSED] - Object: 'Object Repository/Page_login/button_ACCEDI' is clicked on

2018-01-04 14:55:06 - [MESSAGE][PASSED] - Call Test Case 'Test Cases/FunzioniBase/fLogin' successfully

2018-01-04 14:55:06 - [TEST_STEP][PASSED] - verifyElementText: Actual text and expected text of test object 'Object Repository/Page_homeContratto/NomeUtenteLoggato' are matched.

2018-01-04 14:55:07 - [MESSAGE][PASSED] - Actual text and expected text of test object 'Object Repository/Page_homeContratto/NomeUtenteLoggato' are matched.

2018-01-04 14:55:07 - [TEST_STEP][PASSED] - closeBrowser: Browser is closed

2018-01-04 14:55:07 - [MESSAGE][PASSED] - Browser is closed]]></system-out>
         <system-err><![CDATA[]]></system-err>
      </testcase>
      <testcase name="Test Cases/NRT/TC_01_LoginOk - Iteration 5" classname="Test Cases/NRT/TC_01_LoginOk" status="PASSED">
         <system-out><![CDATA[2018-01-04 14:55:07 - [TEST_CASE][PASSED] - Test Cases/NRT/TC_01_LoginOk - Iteration 5: Test Cases/NRT/TC_01_LoginOk

2018-01-04 14:55:07 - [TEST_STEP][PASSED] - callTestCase: Call Test Case 'Test Cases/FunzioniBase/fNavigaHomePage' successfully

2018-01-04 14:55:07 - [TEST_CASE][PASSED] - Test Cases/FunzioniBase/fNavigaHomePage: Test Cases/FunzioniBase/fNavigaHomePage

2018-01-04 14:55:07 - [TEST_STEP][PASSED] - openBrowser: Browser is opened with url: ''

2018-01-04 14:55:09 - [MESSAGE][PASSED] - Browser is opened with url: ''

2018-01-04 14:55:09 - [TEST_STEP][PASSED] - navigateToUrl: Navigate to 'http://www.telepass.it' successfully

2018-01-04 14:55:11 - [MESSAGE][PASSED] - Navigate to 'http://www.telepass.it' successfully

2018-01-04 14:55:11 - [TEST_STEP][PASSED] - switchToWindowTitle: Switched to window with title: 'Telepass: la soluzione di pagamento per la tua mobilità'

2018-01-04 14:55:14 - [MESSAGE][PASSED] - Switched to window with title: 'Telepass: la soluzione di pagamento per la tua mobilità'

2018-01-04 14:55:14 - [MESSAGE][PASSED] - Call Test Case 'Test Cases/FunzioniBase/fNavigaHomePage' successfully

2018-01-04 14:55:14 - [TEST_STEP][PASSED] - callTestCase: Call Test Case 'Test Cases/FunzioniBase/fLogin' successfully

2018-01-04 14:55:14 - [TEST_CASE][PASSED] - Test Cases/FunzioniBase/fLogin: Test Cases/FunzioniBase/fLogin

2018-01-04 14:55:14 - [TEST_STEP][PASSED] - click: Object: 'Object Repository/Page_home/span_Accedi' is clicked on

2018-01-04 14:55:14 - [MESSAGE][PASSED] - Object: 'Object Repository/Page_home/span_Accedi' is clicked on

2018-01-04 14:55:14 - [TEST_STEP][PASSED] - setText: Text 'cgaiani' is set on object 'Object Repository/Page_login/input_username'

2018-01-04 14:55:14 - [MESSAGE][PASSED] - Text 'cgaiani' is set on object 'Object Repository/Page_login/input_username'

2018-01-04 14:55:14 - [TEST_STEP][PASSED] - setText: Text 'alice123' is set on object 'Object Repository/Page_login/input_password'

2018-01-04 14:55:14 - [MESSAGE][PASSED] - Text 'alice123' is set on object 'Object Repository/Page_login/input_password'

2018-01-04 14:55:14 - [TEST_STEP][PASSED] - click: Object: 'Object Repository/Page_login/button_ACCEDI' is clicked on

2018-01-04 14:55:18 - [MESSAGE][PASSED] - Object: 'Object Repository/Page_login/button_ACCEDI' is clicked on

2018-01-04 14:55:18 - [MESSAGE][PASSED] - Call Test Case 'Test Cases/FunzioniBase/fLogin' successfully

2018-01-04 14:55:18 - [TEST_STEP][PASSED] - verifyElementText: Actual text and expected text of test object 'Object Repository/Page_homeContratto/NomeUtenteLoggato' are matched.

2018-01-04 14:55:18 - [MESSAGE][PASSED] - Actual text and expected text of test object 'Object Repository/Page_homeContratto/NomeUtenteLoggato' are matched.

2018-01-04 14:55:18 - [TEST_STEP][PASSED] - closeBrowser: Browser is closed

2018-01-04 14:55:19 - [MESSAGE][PASSED] - Browser is closed]]></system-out>
         <system-err><![CDATA[]]></system-err>
      </testcase>
      <testcase name="Test Cases/NRT/TC_01_LoginOk - Iteration 6" classname="Test Cases/NRT/TC_01_LoginOk" status="PASSED">
         <system-out><![CDATA[2018-01-04 14:55:19 - [TEST_CASE][PASSED] - Test Cases/NRT/TC_01_LoginOk - Iteration 6: Test Cases/NRT/TC_01_LoginOk

2018-01-04 14:55:19 - [TEST_STEP][PASSED] - callTestCase: Call Test Case 'Test Cases/FunzioniBase/fNavigaHomePage' successfully

2018-01-04 14:55:19 - [TEST_CASE][PASSED] - Test Cases/FunzioniBase/fNavigaHomePage: Test Cases/FunzioniBase/fNavigaHomePage

2018-01-04 14:55:19 - [TEST_STEP][PASSED] - openBrowser: Browser is opened with url: ''

2018-01-04 14:55:21 - [MESSAGE][PASSED] - Browser is opened with url: ''

2018-01-04 14:55:21 - [TEST_STEP][PASSED] - navigateToUrl: Navigate to 'http://www.telepass.it' successfully

2018-01-04 14:55:23 - [MESSAGE][PASSED] - Navigate to 'http://www.telepass.it' successfully

2018-01-04 14:55:23 - [TEST_STEP][PASSED] - switchToWindowTitle: Switched to window with title: 'Telepass: la soluzione di pagamento per la tua mobilità'

2018-01-04 14:55:24 - [MESSAGE][PASSED] - Switched to window with title: 'Telepass: la soluzione di pagamento per la tua mobilità'

2018-01-04 14:55:24 - [MESSAGE][PASSED] - Call Test Case 'Test Cases/FunzioniBase/fNavigaHomePage' successfully

2018-01-04 14:55:24 - [TEST_STEP][PASSED] - callTestCase: Call Test Case 'Test Cases/FunzioniBase/fLogin' successfully

2018-01-04 14:55:24 - [TEST_CASE][PASSED] - Test Cases/FunzioniBase/fLogin: Test Cases/FunzioniBase/fLogin

2018-01-04 14:55:24 - [TEST_STEP][PASSED] - click: Object: 'Object Repository/Page_home/span_Accedi' is clicked on

2018-01-04 14:55:24 - [MESSAGE][PASSED] - Object: 'Object Repository/Page_home/span_Accedi' is clicked on

2018-01-04 14:55:24 - [TEST_STEP][PASSED] - setText: Text 'cgaiani' is set on object 'Object Repository/Page_login/input_username'

2018-01-04 14:55:25 - [MESSAGE][PASSED] - Text 'cgaiani' is set on object 'Object Repository/Page_login/input_username'

2018-01-04 14:55:25 - [TEST_STEP][PASSED] - setText: Text 'alice123' is set on object 'Object Repository/Page_login/input_password'

2018-01-04 14:55:25 - [MESSAGE][PASSED] - Text 'alice123' is set on object 'Object Repository/Page_login/input_password'

2018-01-04 14:55:25 - [TEST_STEP][PASSED] - click: Object: 'Object Repository/Page_login/button_ACCEDI' is clicked on

2018-01-04 14:55:27 - [MESSAGE][PASSED] - Object: 'Object Repository/Page_login/button_ACCEDI' is clicked on

2018-01-04 14:55:27 - [MESSAGE][PASSED] - Call Test Case 'Test Cases/FunzioniBase/fLogin' successfully

2018-01-04 14:55:27 - [TEST_STEP][PASSED] - verifyElementText: Actual text and expected text of test object 'Object Repository/Page_homeContratto/NomeUtenteLoggato' are matched.

2018-01-04 14:55:28 - [MESSAGE][PASSED] - Actual text and expected text of test object 'Object Repository/Page_homeContratto/NomeUtenteLoggato' are matched.

2018-01-04 14:55:28 - [TEST_STEP][PASSED] - closeBrowser: Browser is closed

2018-01-04 14:55:28 - [MESSAGE][PASSED] - Browser is closed]]></system-out>
         <system-err><![CDATA[]]></system-err>
      </testcase>
      <testcase name="Test Cases/NRT/TC_01_LoginOk - Iteration 7" classname="Test Cases/NRT/TC_01_LoginOk" status="PASSED">
         <system-out><![CDATA[2018-01-04 14:55:28 - [TEST_CASE][PASSED] - Test Cases/NRT/TC_01_LoginOk - Iteration 7: Test Cases/NRT/TC_01_LoginOk

2018-01-04 14:55:28 - [TEST_STEP][PASSED] - callTestCase: Call Test Case 'Test Cases/FunzioniBase/fNavigaHomePage' successfully

2018-01-04 14:55:29 - [TEST_CASE][PASSED] - Test Cases/FunzioniBase/fNavigaHomePage: Test Cases/FunzioniBase/fNavigaHomePage

2018-01-04 14:55:29 - [TEST_STEP][PASSED] - openBrowser: Browser is opened with url: ''

2018-01-04 14:55:30 - [MESSAGE][PASSED] - Browser is opened with url: ''

2018-01-04 14:55:30 - [TEST_STEP][PASSED] - navigateToUrl: Navigate to 'http://www.telepass.it' successfully

2018-01-04 14:55:32 - [MESSAGE][PASSED] - Navigate to 'http://www.telepass.it' successfully

2018-01-04 14:55:32 - [TEST_STEP][PASSED] - switchToWindowTitle: Switched to window with title: 'Telepass: la soluzione di pagamento per la tua mobilità'

2018-01-04 14:55:35 - [MESSAGE][PASSED] - Switched to window with title: 'Telepass: la soluzione di pagamento per la tua mobilità'

2018-01-04 14:55:35 - [MESSAGE][PASSED] - Call Test Case 'Test Cases/FunzioniBase/fNavigaHomePage' successfully

2018-01-04 14:55:35 - [TEST_STEP][PASSED] - callTestCase: Call Test Case 'Test Cases/FunzioniBase/fLogin' successfully

2018-01-04 14:55:35 - [TEST_CASE][PASSED] - Test Cases/FunzioniBase/fLogin: Test Cases/FunzioniBase/fLogin

2018-01-04 14:55:35 - [TEST_STEP][PASSED] - click: Object: 'Object Repository/Page_home/span_Accedi' is clicked on

2018-01-04 14:55:35 - [MESSAGE][PASSED] - Object: 'Object Repository/Page_home/span_Accedi' is clicked on

2018-01-04 14:55:35 - [TEST_STEP][PASSED] - setText: Text 'cgaiani' is set on object 'Object Repository/Page_login/input_username'

2018-01-04 14:55:35 - [MESSAGE][PASSED] - Text 'cgaiani' is set on object 'Object Repository/Page_login/input_username'

2018-01-04 14:55:35 - [TEST_STEP][PASSED] - setText: Text 'alice123' is set on object 'Object Repository/Page_login/input_password'

2018-01-04 14:55:35 - [MESSAGE][PASSED] - Text 'alice123' is set on object 'Object Repository/Page_login/input_password'

2018-01-04 14:55:35 - [TEST_STEP][PASSED] - click: Object: 'Object Repository/Page_login/button_ACCEDI' is clicked on

2018-01-04 14:55:38 - [MESSAGE][PASSED] - Object: 'Object Repository/Page_login/button_ACCEDI' is clicked on

2018-01-04 14:55:38 - [MESSAGE][PASSED] - Call Test Case 'Test Cases/FunzioniBase/fLogin' successfully

2018-01-04 14:55:38 - [TEST_STEP][PASSED] - verifyElementText: Actual text and expected text of test object 'Object Repository/Page_homeContratto/NomeUtenteLoggato' are matched.

2018-01-04 14:55:38 - [MESSAGE][PASSED] - Actual text and expected text of test object 'Object Repository/Page_homeContratto/NomeUtenteLoggato' are matched.

2018-01-04 14:55:38 - [TEST_STEP][PASSED] - closeBrowser: Browser is closed

2018-01-04 14:55:39 - [MESSAGE][PASSED] - Browser is closed]]></system-out>
         <system-err><![CDATA[]]></system-err>
      </testcase>
      <testcase name="Test Cases/NRT/TC_01_LoginOk - Iteration 8" classname="Test Cases/NRT/TC_01_LoginOk" status="PASSED">
         <system-out><![CDATA[2018-01-04 14:55:39 - [TEST_CASE][PASSED] - Test Cases/NRT/TC_01_LoginOk - Iteration 8: Test Cases/NRT/TC_01_LoginOk

2018-01-04 14:55:39 - [TEST_STEP][PASSED] - callTestCase: Call Test Case 'Test Cases/FunzioniBase/fNavigaHomePage' successfully

2018-01-04 14:55:39 - [TEST_CASE][PASSED] - Test Cases/FunzioniBase/fNavigaHomePage: Test Cases/FunzioniBase/fNavigaHomePage

2018-01-04 14:55:39 - [TEST_STEP][PASSED] - openBrowser: Browser is opened with url: ''

2018-01-04 14:55:41 - [MESSAGE][PASSED] - Browser is opened with url: ''

2018-01-04 14:55:41 - [TEST_STEP][PASSED] - navigateToUrl: Navigate to 'http://www.telepass.it' successfully

2018-01-04 14:55:43 - [MESSAGE][PASSED] - Navigate to 'http://www.telepass.it' successfully

2018-01-04 14:55:43 - [TEST_STEP][PASSED] - switchToWindowTitle: Switched to window with title: 'Telepass: la soluzione di pagamento per la tua mobilità'

2018-01-04 14:55:45 - [MESSAGE][PASSED] - Switched to window with title: 'Telepass: la soluzione di pagamento per la tua mobilità'

2018-01-04 14:55:45 - [MESSAGE][PASSED] - Call Test Case 'Test Cases/FunzioniBase/fNavigaHomePage' successfully

2018-01-04 14:55:45 - [TEST_STEP][PASSED] - callTestCase: Call Test Case 'Test Cases/FunzioniBase/fLogin' successfully

2018-01-04 14:55:45 - [TEST_CASE][PASSED] - Test Cases/FunzioniBase/fLogin: Test Cases/FunzioniBase/fLogin

2018-01-04 14:55:45 - [TEST_STEP][PASSED] - click: Object: 'Object Repository/Page_home/span_Accedi' is clicked on

2018-01-04 14:55:46 - [MESSAGE][PASSED] - Object: 'Object Repository/Page_home/span_Accedi' is clicked on

2018-01-04 14:55:46 - [TEST_STEP][PASSED] - setText: Text 'cgaiani' is set on object 'Object Repository/Page_login/input_username'

2018-01-04 14:55:46 - [MESSAGE][PASSED] - Text 'cgaiani' is set on object 'Object Repository/Page_login/input_username'

2018-01-04 14:55:46 - [TEST_STEP][PASSED] - setText: Text 'alice123' is set on object 'Object Repository/Page_login/input_password'

2018-01-04 14:55:46 - [MESSAGE][PASSED] - Text 'alice123' is set on object 'Object Repository/Page_login/input_password'

2018-01-04 14:55:46 - [TEST_STEP][PASSED] - click: Object: 'Object Repository/Page_login/button_ACCEDI' is clicked on

2018-01-04 14:55:49 - [MESSAGE][PASSED] - Object: 'Object Repository/Page_login/button_ACCEDI' is clicked on

2018-01-04 14:55:49 - [MESSAGE][PASSED] - Call Test Case 'Test Cases/FunzioniBase/fLogin' successfully

2018-01-04 14:55:49 - [TEST_STEP][PASSED] - verifyElementText: Actual text and expected text of test object 'Object Repository/Page_homeContratto/NomeUtenteLoggato' are matched.

2018-01-04 14:55:49 - [MESSAGE][PASSED] - Actual text and expected text of test object 'Object Repository/Page_homeContratto/NomeUtenteLoggato' are matched.

2018-01-04 14:55:49 - [TEST_STEP][PASSED] - closeBrowser: Browser is closed

2018-01-04 14:55:50 - [MESSAGE][PASSED] - Browser is closed]]></system-out>
         <system-err><![CDATA[]]></system-err>
      </testcase>
      <testcase name="Test Cases/NRT/TC_02_CambiaEmail" classname="Test Cases/NRT/TC_02_CambiaEmail" status="PASSED">
         <system-out><![CDATA[2018-01-04 14:55:50 - [TEST_CASE][PASSED] - Test Cases/NRT/TC_02_CambiaEmail: Test Cases/NRT/TC_02_CambiaEmail

2018-01-04 14:55:50 - [TEST_STEP][PASSED] - openBrowser: Browser is opened with url: ''

2018-01-04 14:55:52 - [MESSAGE][PASSED] - Browser is opened with url: ''

2018-01-04 14:55:52 - [TEST_STEP][PASSED] - callTestCase: Call Test Case 'Test Cases/FunzioniBase/fNavigaHomePage' successfully

2018-01-04 14:55:52 - [TEST_CASE][PASSED] - Test Cases/FunzioniBase/fNavigaHomePage: Test Cases/FunzioniBase/fNavigaHomePage

2018-01-04 14:55:52 - [TEST_STEP][PASSED] - openBrowser: Browser is opened with url: ''

2018-01-04 14:55:52 - [MESSAGE][WARNING] - A browser is already opened. Closing browser and opening a new one

2018-01-04 14:55:55 - [MESSAGE][PASSED] - Browser is opened with url: ''

2018-01-04 14:55:55 - [TEST_STEP][PASSED] - navigateToUrl: Navigate to 'http://www.telepass.it' successfully

2018-01-04 14:55:56 - [MESSAGE][PASSED] - Navigate to 'http://www.telepass.it' successfully

2018-01-04 14:55:56 - [TEST_STEP][PASSED] - switchToWindowTitle: Switched to window with title: 'Telepass: la soluzione di pagamento per la tua mobilità'

2018-01-04 14:55:59 - [MESSAGE][PASSED] - Switched to window with title: 'Telepass: la soluzione di pagamento per la tua mobilità'

2018-01-04 14:55:59 - [MESSAGE][PASSED] - Call Test Case 'Test Cases/FunzioniBase/fNavigaHomePage' successfully

2018-01-04 14:55:59 - [TEST_STEP][PASSED] - callTestCase: Call Test Case 'Test Cases/FunzioniBase/fLogin' successfully

2018-01-04 14:55:59 - [TEST_CASE][PASSED] - Test Cases/FunzioniBase/fLogin: Test Cases/FunzioniBase/fLogin

2018-01-04 14:55:59 - [TEST_STEP][PASSED] - click: Object: 'Object Repository/Page_home/span_Accedi' is clicked on

2018-01-04 14:56:00 - [MESSAGE][PASSED] - Object: 'Object Repository/Page_home/span_Accedi' is clicked on

2018-01-04 14:56:00 - [TEST_STEP][PASSED] - setText: Text 'cgaiani' is set on object 'Object Repository/Page_login/input_username'

2018-01-04 14:56:00 - [MESSAGE][PASSED] - Text 'cgaiani' is set on object 'Object Repository/Page_login/input_username'

2018-01-04 14:56:00 - [TEST_STEP][PASSED] - setText: Text 'alice123' is set on object 'Object Repository/Page_login/input_password'

2018-01-04 14:56:00 - [MESSAGE][PASSED] - Text 'alice123' is set on object 'Object Repository/Page_login/input_password'

2018-01-04 14:56:00 - [TEST_STEP][PASSED] - click: Object: 'Object Repository/Page_login/button_ACCEDI' is clicked on

2018-01-04 14:56:03 - [MESSAGE][PASSED] - Object: 'Object Repository/Page_login/button_ACCEDI' is clicked on

2018-01-04 14:56:03 - [MESSAGE][PASSED] - Call Test Case 'Test Cases/FunzioniBase/fLogin' successfully

2018-01-04 14:56:03 - [TEST_STEP][PASSED] - click: Object: 'Object Repository/Page_homeContratto/link_aggiornaDati' is clicked on

2018-01-04 14:56:03 - [MESSAGE][PASSED] - Object: 'Object Repository/Page_homeContratto/link_aggiornaDati' is clicked on

2018-01-04 14:56:03 - [TEST_STEP][PASSED] - click: Object: 'Object Repository/Page_homeContratto/link_aggiornaDati' is clicked on

2018-01-04 14:56:04 - [MESSAGE][PASSED] - Object: 'Object Repository/Page_homeContratto/link_aggiornaDati' is clicked on

2018-01-04 14:56:04 - [TEST_STEP][PASSED] - click: Object: 'Object Repository/Page_clienteModificaDati/link_cambiaEmail' is clicked on

2018-01-04 14:56:04 - [MESSAGE][PASSED] - Object: 'Object Repository/Page_clienteModificaDati/link_cambiaEmail' is clicked on

2018-01-04 14:56:04 - [TEST_STEP][PASSED] - setText: Text 'cgaiani73@gmail.com' is set on object 'Object Repository/Page_clienteModificaDati/input_inputPostaElettronica'

2018-01-04 14:56:05 - [MESSAGE][PASSED] - Text 'cgaiani73@gmail.com' is set on object 'Object Repository/Page_clienteModificaDati/input_inputPostaElettronica'

2018-01-04 14:56:05 - [TEST_STEP][PASSED] - setText: Text 'cgaiani73@gmail.com' is set on object 'Object Repository/Page_clienteModificaDati/input_inputPostaElettronicaVer'

2018-01-04 14:56:05 - [MESSAGE][PASSED] - Text 'cgaiani73@gmail.com' is set on object 'Object Repository/Page_clienteModificaDati/input_inputPostaElettronicaVer'

2018-01-04 14:56:05 - [TEST_STEP][PASSED] - submit: The form containing object: 'Object Repository/Page_clienteModificaDati/modificaForm' is submitted

2018-01-04 14:56:05 - [MESSAGE][PASSED] - The form containing object: 'Object Repository/Page_clienteModificaDati/modificaForm' is submitted

2018-01-04 14:56:05 - [TEST_STEP][PASSED] - closeBrowser: Browser is closed

2018-01-04 14:56:06 - [MESSAGE][PASSED] - Browser is closed]]></system-out>
         <system-err><![CDATA[]]></system-err>
      </testcase>
      <system-out><![CDATA[2018-01-04 14:53:54 - [TEST_SUITE][FAILED] - TestSuite1: Test Cases/NRT/TC_01_LoginOk FAILED because (of) Verify element text of test object 'Object Repository/Page_homeContratto/NomeUtenteLoggato' FAILED. (Root cause: com.kms.katalon.core.webui.exception.WebElementNotFoundException: Web element with id: 'Object Repository/Page_homeContratto/NomeUtenteLoggato' located by 'By.xpath: //*[@class = 'cliente-nome']' not found)]]></system-out>
      <system-err><![CDATA[2018-01-04 14:53:54 - [TEST_SUITE][FAILED] - TestSuite1: Test Cases/NRT/TC_01_LoginOk FAILED because (of) Verify element text of test object 'Object Repository/Page_homeContratto/NomeUtenteLoggato' FAILED. (Root cause: com.kms.katalon.core.webui.exception.WebElementNotFoundException: Web element with id: 'Object Repository/Page_homeContratto/NomeUtenteLoggato' located by 'By.xpath: //*[@class = 'cliente-nome']' not found)]]></system-err>
   </testsuite>
</testsuites>
