<?xml version="1.0" encoding="UTF-8"?>
<testsuites name="TestSuite1" time="104" tests="8" failures="1" errors="0">
   <testsuite name="TestSuite1" tests="8" failures="1" errors="0" time="104" timestamp="2018-01-04 00:28:41" hostname="Claudio - ASUS-HOME.lan" id="Test Suites/TestSuite1">
      <properties>
         <property name="deviceName" value=""/>
         <property name="devicePlatform" value=""/>
         <property name="logFolder" value="C:\\Users\\Claudio\\Katalon Studio\\TelepassTest\\Reports\\TestSuite1\\20180104_002548"/>
         <property name="logFiles" value="C:\\Users\\Claudio\\Katalon Studio\\TelepassTest\\Reports\\TestSuite1\\20180104_002548\\execution0.log"/>
         <property name="attachments" value=""/>
         <property name="hostName" value="Claudio - ASUS-HOME.lan"/>
         <property name="os" value="Windows 10 64bit"/>
         <property name="katalonVersion" value="5.2.0.1"/>
         <property name="browser" value="Chrome 63.0.3239.84"/>
         <property name="hostAddress" value="192.168.1.80"/>
         <property name="sessionId" value="e0cb222ea18dad7743276958b6b5ae94"/>
         <property name="seleniumVersion" value="3.7.1"/>
         <property name="proxyInformation" value="ProxyInformation{proxyOption=NO_PROXY, proxyServerType=HTTP, password=, proxyServerAddress=, proxyServerPort=0}"/>
         <property name="platform" value="Windows 10"/>
      </properties>
      <testcase name="Test Cases/NRT/TC_01_LoginOk - Iteration 1" classname="Test Cases/NRT/TC_01_LoginOk" status="FAILED">
         <failure type="FAILED" message="Test Cases/NRT/TC_01_LoginOk FAILED because (of) Verify element text of test object 'Object Repository/Page_homeContratto/NomeUtenteLoggato' FAILED. (Root cause: org.openqa.selenium.NoSuchWindowException: no such window: target window already closed
from unknown error: web view not found
  (Session info: chrome=63.0.3239.84)
  (Driver info: chromedriver=2.33.506120 (e3e53437346286c0bc2d2dc9aa4915ba81d9023f),platform=Windows NT 10.0.16299 x86_64) (WARNING: The server did not provide any stacktrace information)
Command duration or timeout: 0 milliseconds
Build info: version: '3.7.1', revision: '8a0099a', time: '2017-11-06T21:07:36.161Z'
System info: host: 'ASUS-HOME', ip: '192.168.1.80', os.name: 'Windows 10', os.arch: 'amd64', os.version: '10.0', java.version: '1.8.0_102'
Driver info: com.kms.katalon.selenium.driver.CChromeDriver
Capabilities {acceptSslCerts: true, applicationCacheEnabled: false, browserConnectionEnabled: false, browserName: chrome, chrome: {chromedriverVersion: 2.33.506120 (e3e53437346286..., userDataDir: C:\Users\Claudio\AppData\Lo...}, cssSelectorsEnabled: true, databaseEnabled: false, handlesAlerts: true, hasTouchScreen: false, javascriptEnabled: true, locationContextEnabled: true, mobileEmulationEnabled: false, nativeEvents: true, networkConnectionEnabled: false, pageLoadStrategy: normal, platform: XP, platformName: XP, rotatable: false, setWindowRect: true, takesHeapSnapshot: true, takesScreenshot: true, unexpectedAlertBehaviour: , unhandledPromptBehavior: , version: 63.0.3239.84, webStorageEnabled: true}
Session ID: 3a56fc896368f26b691462f70f497033
*** Element info: {Using=xpath, value=//*[@class = 'cliente-nome']})"/>
         <system-out><![CDATA[2018-01-04 00:28:42 - [TEST_CASE][FAILED] - Test Cases/NRT/TC_01_LoginOk - Iteration 1: Test Cases/NRT/TC_01_LoginOk FAILED because (of) Verify element text of test object 'Object Repository/Page_homeContratto/NomeUtenteLoggato' FAILED. (Root cause: org.openqa.selenium.NoSuchWindowException: no such window: target window already closed
from unknown error: web view not found
  (Session info: chrome=63.0.3239.84)
  (Driver info: chromedriver=2.33.506120 (e3e53437346286c0bc2d2dc9aa4915ba81d9023f),platform=Windows NT 10.0.16299 x86_64) (WARNING: The server did not provide any stacktrace information)
Command duration or timeout: 0 milliseconds
Build info: version: '3.7.1', revision: '8a0099a', time: '2017-11-06T21:07:36.161Z'
System info: host: 'ASUS-HOME', ip: '192.168.1.80', os.name: 'Windows 10', os.arch: 'amd64', os.version: '10.0', java.version: '1.8.0_102'
Driver info: com.kms.katalon.selenium.driver.CChromeDriver
Capabilities {acceptSslCerts: true, applicationCacheEnabled: false, browserConnectionEnabled: false, browserName: chrome, chrome: {chromedriverVersion: 2.33.506120 (e3e53437346286..., userDataDir: C:\Users\Claudio\AppData\Lo...}, cssSelectorsEnabled: true, databaseEnabled: false, handlesAlerts: true, hasTouchScreen: false, javascriptEnabled: true, locationContextEnabled: true, mobileEmulationEnabled: false, nativeEvents: true, networkConnectionEnabled: false, pageLoadStrategy: normal, platform: XP, platformName: XP, rotatable: false, setWindowRect: true, takesHeapSnapshot: true, takesScreenshot: true, unexpectedAlertBehaviour: , unhandledPromptBehavior: , version: 63.0.3239.84, webStorageEnabled: true}
Session ID: 3a56fc896368f26b691462f70f497033
*** Element info: {Using=xpath, value=//*[@class = 'cliente-nome']})

2018-01-04 00:28:42 - [TEST_STEP][PASSED] - callTestCase: Call Test Case 'Test Cases/FunzioniBase/fNavigaHomePage' successfully

2018-01-04 00:28:42 - [TEST_CASE][PASSED] - Test Cases/FunzioniBase/fNavigaHomePage: Test Cases/FunzioniBase/fNavigaHomePage

2018-01-04 00:28:42 - [TEST_STEP][PASSED] - openBrowser: Browser is opened with url: ''

2018-01-04 00:28:45 - [MESSAGE][PASSED] - Browser is opened with url: ''

2018-01-04 00:28:45 - [TEST_STEP][PASSED] - navigateToUrl: Navigate to 'http://www.telepass.it' successfully

2018-01-04 00:28:46 - [MESSAGE][PASSED] - Navigate to 'http://www.telepass.it' successfully

2018-01-04 00:28:46 - [TEST_STEP][PASSED] - switchToWindowTitle: Switched to window with title: 'Telepass: la soluzione di pagamento per la tua mobilità'

2018-01-04 00:28:49 - [MESSAGE][PASSED] - Switched to window with title: 'Telepass: la soluzione di pagamento per la tua mobilità'

2018-01-04 00:28:49 - [MESSAGE][PASSED] - Call Test Case 'Test Cases/FunzioniBase/fNavigaHomePage' successfully

2018-01-04 00:28:49 - [TEST_STEP][PASSED] - callTestCase: Call Test Case 'Test Cases/FunzioniBase/fLogin' successfully

2018-01-04 00:28:49 - [TEST_CASE][PASSED] - Test Cases/FunzioniBase/fLogin: Test Cases/FunzioniBase/fLogin

2018-01-04 00:28:49 - [TEST_STEP][PASSED] - click: Object: 'Object Repository/Page_home/span_Accedi' is clicked on

2018-01-04 00:28:50 - [MESSAGE][PASSED] - Object: 'Object Repository/Page_home/span_Accedi' is clicked on

2018-01-04 00:28:50 - [TEST_STEP][PASSED] - setText: Text 'cgaiani' is set on object 'Object Repository/Page_login/input_username'

2018-01-04 00:28:50 - [MESSAGE][PASSED] - Text 'cgaiani' is set on object 'Object Repository/Page_login/input_username'

2018-01-04 00:28:50 - [TEST_STEP][PASSED] - setText: Text 'alice1234' is set on object 'Object Repository/Page_login/input_password'

2018-01-04 00:28:50 - [MESSAGE][PASSED] - Text 'alice1234' is set on object 'Object Repository/Page_login/input_password'

2018-01-04 00:28:50 - [TEST_STEP][PASSED] - click: Object: 'Object Repository/Page_login/button_ACCEDI' is clicked on

2018-01-04 00:28:51 - [MESSAGE][PASSED] - Object: 'Object Repository/Page_login/button_ACCEDI' is clicked on

2018-01-04 00:28:51 - [MESSAGE][PASSED] - Call Test Case 'Test Cases/FunzioniBase/fLogin' successfully

2018-01-04 00:28:51 - [TEST_STEP][FAILED] - verifyElementText: Verify element text of test object 'Object Repository/Page_homeContratto/NomeUtenteLoggato' FAILED. (Root cause: org.openqa.selenium.NoSuchWindowException: no such window: target window already closed
from unknown error: web view not found
  (Session info: chrome=63.0.3239.84)
  (Driver info: chromedriver=2.33.506120 (e3e53437346286c0bc2d2dc9aa4915ba81d9023f),platform=Windows NT 10.0.16299 x86_64) (WARNING: The server did not provide any stacktrace information)
Command duration or timeout: 0 milliseconds
Build info: version: '3.7.1', revision: '8a0099a', time: '2017-11-06T21:07:36.161Z'
System info: host: 'ASUS-HOME', ip: '192.168.1.80', os.name: 'Windows 10', os.arch: 'amd64', os.version: '10.0', java.version: '1.8.0_102'
Driver info: com.kms.katalon.selenium.driver.CChromeDriver
Capabilities {acceptSslCerts: true, applicationCacheEnabled: false, browserConnectionEnabled: false, browserName: chrome, chrome: {chromedriverVersion: 2.33.506120 (e3e53437346286..., userDataDir: C:\Users\Claudio\AppData\Lo...}, cssSelectorsEnabled: true, databaseEnabled: false, handlesAlerts: true, hasTouchScreen: false, javascriptEnabled: true, locationContextEnabled: true, mobileEmulationEnabled: false, nativeEvents: true, networkConnectionEnabled: false, pageLoadStrategy: normal, platform: XP, platformName: XP, rotatable: false, setWindowRect: true, takesHeapSnapshot: true, takesScreenshot: true, unexpectedAlertBehaviour: , unhandledPromptBehavior: , version: 63.0.3239.84, webStorageEnabled: true}
Session ID: 3a56fc896368f26b691462f70f497033
*** Element info: {Using=xpath, value=//*[@class = 'cliente-nome']})

2018-01-04 00:28:56 - [MESSAGE][WARNING] - Cannot take screenshot

2018-01-04 00:28:56 - [MESSAGE][FAILED] - Verify element text of test object 'Object Repository/Page_homeContratto/NomeUtenteLoggato' FAILED. (Root cause: org.openqa.selenium.NoSuchWindowException: no such window: target window already closed
from unknown error: web view not found
  (Session info: chrome=63.0.3239.84)
  (Driver info: chromedriver=2.33.506120 (e3e53437346286c0bc2d2dc9aa4915ba81d9023f),platform=Windows NT 10.0.16299 x86_64) (WARNING: The server did not provide any stacktrace information)
Command duration or timeout: 0 milliseconds
Build info: version: '3.7.1', revision: '8a0099a', time: '2017-11-06T21:07:36.161Z'
System info: host: 'ASUS-HOME', ip: '192.168.1.80', os.name: 'Windows 10', os.arch: 'amd64', os.version: '10.0', java.version: '1.8.0_102'
Driver info: com.kms.katalon.selenium.driver.CChromeDriver
Capabilities {acceptSslCerts: true, applicationCacheEnabled: false, browserConnectionEnabled: false, browserName: chrome, chrome: {chromedriverVersion: 2.33.506120 (e3e53437346286..., userDataDir: C:\Users\Claudio\AppData\Lo...}, cssSelectorsEnabled: true, databaseEnabled: false, handlesAlerts: true, hasTouchScreen: false, javascriptEnabled: true, locationContextEnabled: true, mobileEmulationEnabled: false, nativeEvents: true, networkConnectionEnabled: false, pageLoadStrategy: normal, platform: XP, platformName: XP, rotatable: false, setWindowRect: true, takesHeapSnapshot: true, takesScreenshot: true, unexpectedAlertBehaviour: , unhandledPromptBehavior: , version: 63.0.3239.84, webStorageEnabled: true}
Session ID: 3a56fc896368f26b691462f70f497033
*** Element info: {Using=xpath, value=//*[@class = 'cliente-nome']})]]></system-out>
         <system-err><![CDATA[2018-01-04 00:28:42 - [TEST_CASE][FAILED] - Test Cases/NRT/TC_01_LoginOk - Iteration 1: Test Cases/NRT/TC_01_LoginOk FAILED because (of) Verify element text of test object 'Object Repository/Page_homeContratto/NomeUtenteLoggato' FAILED. (Root cause: org.openqa.selenium.NoSuchWindowException: no such window: target window already closed
from unknown error: web view not found
  (Session info: chrome=63.0.3239.84)
  (Driver info: chromedriver=2.33.506120 (e3e53437346286c0bc2d2dc9aa4915ba81d9023f),platform=Windows NT 10.0.16299 x86_64) (WARNING: The server did not provide any stacktrace information)
Command duration or timeout: 0 milliseconds
Build info: version: '3.7.1', revision: '8a0099a', time: '2017-11-06T21:07:36.161Z'
System info: host: 'ASUS-HOME', ip: '192.168.1.80', os.name: 'Windows 10', os.arch: 'amd64', os.version: '10.0', java.version: '1.8.0_102'
Driver info: com.kms.katalon.selenium.driver.CChromeDriver
Capabilities {acceptSslCerts: true, applicationCacheEnabled: false, browserConnectionEnabled: false, browserName: chrome, chrome: {chromedriverVersion: 2.33.506120 (e3e53437346286..., userDataDir: C:\Users\Claudio\AppData\Lo...}, cssSelectorsEnabled: true, databaseEnabled: false, handlesAlerts: true, hasTouchScreen: false, javascriptEnabled: true, locationContextEnabled: true, mobileEmulationEnabled: false, nativeEvents: true, networkConnectionEnabled: false, pageLoadStrategy: normal, platform: XP, platformName: XP, rotatable: false, setWindowRect: true, takesHeapSnapshot: true, takesScreenshot: true, unexpectedAlertBehaviour: , unhandledPromptBehavior: , version: 63.0.3239.84, webStorageEnabled: true}
Session ID: 3a56fc896368f26b691462f70f497033
*** Element info: {Using=xpath, value=//*[@class = 'cliente-nome']})]]></system-err>
      </testcase>
      <testcase name="Test Cases/NRT/TC_01_LoginOk - Iteration 2" classname="Test Cases/NRT/TC_01_LoginOk" status="PASSED">
         <system-out><![CDATA[2018-01-04 00:28:57 - [TEST_CASE][PASSED] - Test Cases/NRT/TC_01_LoginOk - Iteration 2: Test Cases/NRT/TC_01_LoginOk

2018-01-04 00:28:57 - [TEST_STEP][PASSED] - callTestCase: Call Test Case 'Test Cases/FunzioniBase/fNavigaHomePage' successfully

2018-01-04 00:28:57 - [TEST_CASE][PASSED] - Test Cases/FunzioniBase/fNavigaHomePage: Test Cases/FunzioniBase/fNavigaHomePage

2018-01-04 00:28:57 - [TEST_STEP][PASSED] - openBrowser: Browser is opened with url: ''

2018-01-04 00:28:57 - [MESSAGE][WARNING] - A browser is already opened. Closing browser and opening a new one

2018-01-04 00:28:59 - [MESSAGE][PASSED] - Browser is opened with url: ''

2018-01-04 00:28:59 - [TEST_STEP][PASSED] - navigateToUrl: Navigate to 'http://www.telepass.it' successfully

2018-01-04 00:29:00 - [MESSAGE][PASSED] - Navigate to 'http://www.telepass.it' successfully

2018-01-04 00:29:00 - [TEST_STEP][PASSED] - switchToWindowTitle: Switched to window with title: 'Telepass: la soluzione di pagamento per la tua mobilità'

2018-01-04 00:29:03 - [MESSAGE][PASSED] - Switched to window with title: 'Telepass: la soluzione di pagamento per la tua mobilità'

2018-01-04 00:29:03 - [MESSAGE][PASSED] - Call Test Case 'Test Cases/FunzioniBase/fNavigaHomePage' successfully

2018-01-04 00:29:03 - [TEST_STEP][PASSED] - callTestCase: Call Test Case 'Test Cases/FunzioniBase/fLogin' successfully

2018-01-04 00:29:03 - [TEST_CASE][PASSED] - Test Cases/FunzioniBase/fLogin: Test Cases/FunzioniBase/fLogin

2018-01-04 00:29:03 - [TEST_STEP][PASSED] - click: Object: 'Object Repository/Page_home/span_Accedi' is clicked on

2018-01-04 00:29:04 - [MESSAGE][PASSED] - Object: 'Object Repository/Page_home/span_Accedi' is clicked on

2018-01-04 00:29:04 - [TEST_STEP][PASSED] - setText: Text 'cgaiani' is set on object 'Object Repository/Page_login/input_username'

2018-01-04 00:29:04 - [MESSAGE][PASSED] - Text 'cgaiani' is set on object 'Object Repository/Page_login/input_username'

2018-01-04 00:29:04 - [TEST_STEP][PASSED] - setText: Text 'alice123' is set on object 'Object Repository/Page_login/input_password'

2018-01-04 00:29:04 - [MESSAGE][PASSED] - Text 'alice123' is set on object 'Object Repository/Page_login/input_password'

2018-01-04 00:29:04 - [TEST_STEP][PASSED] - click: Object: 'Object Repository/Page_login/button_ACCEDI' is clicked on

2018-01-04 00:29:06 - [MESSAGE][PASSED] - Object: 'Object Repository/Page_login/button_ACCEDI' is clicked on

2018-01-04 00:29:06 - [MESSAGE][PASSED] - Call Test Case 'Test Cases/FunzioniBase/fLogin' successfully

2018-01-04 00:29:06 - [TEST_STEP][PASSED] - verifyElementText: Actual text and expected text of test object 'Object Repository/Page_homeContratto/NomeUtenteLoggato' are matched.

2018-01-04 00:29:07 - [MESSAGE][PASSED] - Actual text and expected text of test object 'Object Repository/Page_homeContratto/NomeUtenteLoggato' are matched.

2018-01-04 00:29:07 - [TEST_STEP][PASSED] - closeBrowser: Browser is closed

2018-01-04 00:29:07 - [MESSAGE][PASSED] - Browser is closed]]></system-out>
         <system-err><![CDATA[]]></system-err>
      </testcase>
      <testcase name="Test Cases/NRT/TC_01_LoginOk - Iteration 3" classname="Test Cases/NRT/TC_01_LoginOk" status="PASSED">
         <system-out><![CDATA[2018-01-04 00:29:07 - [TEST_CASE][PASSED] - Test Cases/NRT/TC_01_LoginOk - Iteration 3: Test Cases/NRT/TC_01_LoginOk

2018-01-04 00:29:07 - [TEST_STEP][PASSED] - callTestCase: Call Test Case 'Test Cases/FunzioniBase/fNavigaHomePage' successfully

2018-01-04 00:29:08 - [TEST_CASE][PASSED] - Test Cases/FunzioniBase/fNavigaHomePage: Test Cases/FunzioniBase/fNavigaHomePage

2018-01-04 00:29:08 - [TEST_STEP][PASSED] - openBrowser: Browser is opened with url: ''

2018-01-04 00:29:09 - [MESSAGE][PASSED] - Browser is opened with url: ''

2018-01-04 00:29:09 - [TEST_STEP][PASSED] - navigateToUrl: Navigate to 'http://www.telepass.it' successfully

2018-01-04 00:29:11 - [MESSAGE][PASSED] - Navigate to 'http://www.telepass.it' successfully

2018-01-04 00:29:11 - [TEST_STEP][PASSED] - switchToWindowTitle: Switched to window with title: 'Telepass: la soluzione di pagamento per la tua mobilità'

2018-01-04 00:29:13 - [MESSAGE][PASSED] - Switched to window with title: 'Telepass: la soluzione di pagamento per la tua mobilità'

2018-01-04 00:29:13 - [MESSAGE][PASSED] - Call Test Case 'Test Cases/FunzioniBase/fNavigaHomePage' successfully

2018-01-04 00:29:13 - [TEST_STEP][PASSED] - callTestCase: Call Test Case 'Test Cases/FunzioniBase/fLogin' successfully

2018-01-04 00:29:14 - [TEST_CASE][PASSED] - Test Cases/FunzioniBase/fLogin: Test Cases/FunzioniBase/fLogin

2018-01-04 00:29:14 - [TEST_STEP][PASSED] - click: Object: 'Object Repository/Page_home/span_Accedi' is clicked on

2018-01-04 00:29:14 - [MESSAGE][PASSED] - Object: 'Object Repository/Page_home/span_Accedi' is clicked on

2018-01-04 00:29:14 - [TEST_STEP][PASSED] - setText: Text 'cgaiani' is set on object 'Object Repository/Page_login/input_username'

2018-01-04 00:29:15 - [MESSAGE][PASSED] - Text 'cgaiani' is set on object 'Object Repository/Page_login/input_username'

2018-01-04 00:29:15 - [TEST_STEP][PASSED] - setText: Text 'alice123' is set on object 'Object Repository/Page_login/input_password'

2018-01-04 00:29:15 - [MESSAGE][PASSED] - Text 'alice123' is set on object 'Object Repository/Page_login/input_password'

2018-01-04 00:29:15 - [TEST_STEP][PASSED] - click: Object: 'Object Repository/Page_login/button_ACCEDI' is clicked on

2018-01-04 00:29:18 - [MESSAGE][PASSED] - Object: 'Object Repository/Page_login/button_ACCEDI' is clicked on

2018-01-04 00:29:18 - [MESSAGE][PASSED] - Call Test Case 'Test Cases/FunzioniBase/fLogin' successfully

2018-01-04 00:29:18 - [TEST_STEP][PASSED] - verifyElementText: Actual text and expected text of test object 'Object Repository/Page_homeContratto/NomeUtenteLoggato' are matched.

2018-01-04 00:29:18 - [MESSAGE][PASSED] - Actual text and expected text of test object 'Object Repository/Page_homeContratto/NomeUtenteLoggato' are matched.

2018-01-04 00:29:18 - [TEST_STEP][PASSED] - closeBrowser: Browser is closed

2018-01-04 00:29:19 - [MESSAGE][PASSED] - Browser is closed]]></system-out>
         <system-err><![CDATA[]]></system-err>
      </testcase>
      <testcase name="Test Cases/NRT/TC_01_LoginOk - Iteration 4" classname="Test Cases/NRT/TC_01_LoginOk" status="PASSED">
         <system-out><![CDATA[2018-01-04 00:29:19 - [TEST_CASE][PASSED] - Test Cases/NRT/TC_01_LoginOk - Iteration 4: Test Cases/NRT/TC_01_LoginOk

2018-01-04 00:29:19 - [TEST_STEP][PASSED] - callTestCase: Call Test Case 'Test Cases/FunzioniBase/fNavigaHomePage' successfully

2018-01-04 00:29:19 - [TEST_CASE][PASSED] - Test Cases/FunzioniBase/fNavigaHomePage: Test Cases/FunzioniBase/fNavigaHomePage

2018-01-04 00:29:19 - [TEST_STEP][PASSED] - openBrowser: Browser is opened with url: ''

2018-01-04 00:29:21 - [MESSAGE][PASSED] - Browser is opened with url: ''

2018-01-04 00:29:21 - [TEST_STEP][PASSED] - navigateToUrl: Navigate to 'http://www.telepass.it' successfully

2018-01-04 00:29:22 - [MESSAGE][PASSED] - Navigate to 'http://www.telepass.it' successfully

2018-01-04 00:29:22 - [TEST_STEP][PASSED] - switchToWindowTitle: Switched to window with title: 'Telepass: la soluzione di pagamento per la tua mobilità'

2018-01-04 00:29:25 - [MESSAGE][PASSED] - Switched to window with title: 'Telepass: la soluzione di pagamento per la tua mobilità'

2018-01-04 00:29:25 - [MESSAGE][PASSED] - Call Test Case 'Test Cases/FunzioniBase/fNavigaHomePage' successfully

2018-01-04 00:29:25 - [TEST_STEP][PASSED] - callTestCase: Call Test Case 'Test Cases/FunzioniBase/fLogin' successfully

2018-01-04 00:29:25 - [TEST_CASE][PASSED] - Test Cases/FunzioniBase/fLogin: Test Cases/FunzioniBase/fLogin

2018-01-04 00:29:25 - [TEST_STEP][PASSED] - click: Object: 'Object Repository/Page_home/span_Accedi' is clicked on

2018-01-04 00:29:25 - [MESSAGE][PASSED] - Object: 'Object Repository/Page_home/span_Accedi' is clicked on

2018-01-04 00:29:25 - [TEST_STEP][PASSED] - setText: Text 'cgaiani' is set on object 'Object Repository/Page_login/input_username'

2018-01-04 00:29:25 - [MESSAGE][PASSED] - Text 'cgaiani' is set on object 'Object Repository/Page_login/input_username'

2018-01-04 00:29:25 - [TEST_STEP][PASSED] - setText: Text 'alice123' is set on object 'Object Repository/Page_login/input_password'

2018-01-04 00:29:26 - [MESSAGE][PASSED] - Text 'alice123' is set on object 'Object Repository/Page_login/input_password'

2018-01-04 00:29:26 - [TEST_STEP][PASSED] - click: Object: 'Object Repository/Page_login/button_ACCEDI' is clicked on

2018-01-04 00:29:28 - [MESSAGE][PASSED] - Object: 'Object Repository/Page_login/button_ACCEDI' is clicked on

2018-01-04 00:29:28 - [MESSAGE][PASSED] - Call Test Case 'Test Cases/FunzioniBase/fLogin' successfully

2018-01-04 00:29:28 - [TEST_STEP][PASSED] - verifyElementText: Actual text and expected text of test object 'Object Repository/Page_homeContratto/NomeUtenteLoggato' are matched.

2018-01-04 00:29:29 - [MESSAGE][PASSED] - Actual text and expected text of test object 'Object Repository/Page_homeContratto/NomeUtenteLoggato' are matched.

2018-01-04 00:29:29 - [TEST_STEP][PASSED] - closeBrowser: Browser is closed

2018-01-04 00:29:30 - [MESSAGE][PASSED] - Browser is closed]]></system-out>
         <system-err><![CDATA[]]></system-err>
      </testcase>
      <testcase name="Test Cases/NRT/TC_01_LoginOk - Iteration 5" classname="Test Cases/NRT/TC_01_LoginOk" status="PASSED">
         <system-out><![CDATA[2018-01-04 00:29:30 - [TEST_CASE][PASSED] - Test Cases/NRT/TC_01_LoginOk - Iteration 5: Test Cases/NRT/TC_01_LoginOk

2018-01-04 00:29:30 - [TEST_STEP][PASSED] - callTestCase: Call Test Case 'Test Cases/FunzioniBase/fNavigaHomePage' successfully

2018-01-04 00:29:30 - [TEST_CASE][PASSED] - Test Cases/FunzioniBase/fNavigaHomePage: Test Cases/FunzioniBase/fNavigaHomePage

2018-01-04 00:29:30 - [TEST_STEP][PASSED] - openBrowser: Browser is opened with url: ''

2018-01-04 00:29:32 - [MESSAGE][PASSED] - Browser is opened with url: ''

2018-01-04 00:29:32 - [TEST_STEP][PASSED] - navigateToUrl: Navigate to 'http://www.telepass.it' successfully

2018-01-04 00:29:33 - [MESSAGE][PASSED] - Navigate to 'http://www.telepass.it' successfully

2018-01-04 00:29:33 - [TEST_STEP][PASSED] - switchToWindowTitle: Switched to window with title: 'Telepass: la soluzione di pagamento per la tua mobilità'

2018-01-04 00:29:36 - [MESSAGE][PASSED] - Switched to window with title: 'Telepass: la soluzione di pagamento per la tua mobilità'

2018-01-04 00:29:36 - [MESSAGE][PASSED] - Call Test Case 'Test Cases/FunzioniBase/fNavigaHomePage' successfully

2018-01-04 00:29:36 - [TEST_STEP][PASSED] - callTestCase: Call Test Case 'Test Cases/FunzioniBase/fLogin' successfully

2018-01-04 00:29:36 - [TEST_CASE][PASSED] - Test Cases/FunzioniBase/fLogin: Test Cases/FunzioniBase/fLogin

2018-01-04 00:29:36 - [TEST_STEP][PASSED] - click: Object: 'Object Repository/Page_home/span_Accedi' is clicked on

2018-01-04 00:29:37 - [MESSAGE][PASSED] - Object: 'Object Repository/Page_home/span_Accedi' is clicked on

2018-01-04 00:29:37 - [TEST_STEP][PASSED] - setText: Text 'cgaiani' is set on object 'Object Repository/Page_login/input_username'

2018-01-04 00:29:37 - [MESSAGE][PASSED] - Text 'cgaiani' is set on object 'Object Repository/Page_login/input_username'

2018-01-04 00:29:37 - [TEST_STEP][PASSED] - setText: Text 'alice123' is set on object 'Object Repository/Page_login/input_password'

2018-01-04 00:29:37 - [MESSAGE][PASSED] - Text 'alice123' is set on object 'Object Repository/Page_login/input_password'

2018-01-04 00:29:37 - [TEST_STEP][PASSED] - click: Object: 'Object Repository/Page_login/button_ACCEDI' is clicked on

2018-01-04 00:29:39 - [MESSAGE][PASSED] - Object: 'Object Repository/Page_login/button_ACCEDI' is clicked on

2018-01-04 00:29:39 - [MESSAGE][PASSED] - Call Test Case 'Test Cases/FunzioniBase/fLogin' successfully

2018-01-04 00:29:39 - [TEST_STEP][PASSED] - verifyElementText: Actual text and expected text of test object 'Object Repository/Page_homeContratto/NomeUtenteLoggato' are matched.

2018-01-04 00:29:40 - [MESSAGE][PASSED] - Actual text and expected text of test object 'Object Repository/Page_homeContratto/NomeUtenteLoggato' are matched.

2018-01-04 00:29:40 - [TEST_STEP][PASSED] - closeBrowser: Browser is closed

2018-01-04 00:29:41 - [MESSAGE][PASSED] - Browser is closed]]></system-out>
         <system-err><![CDATA[]]></system-err>
      </testcase>
      <testcase name="Test Cases/NRT/TC_01_LoginOk - Iteration 6" classname="Test Cases/NRT/TC_01_LoginOk" status="PASSED">
         <system-out><![CDATA[2018-01-04 00:29:41 - [TEST_CASE][PASSED] - Test Cases/NRT/TC_01_LoginOk - Iteration 6: Test Cases/NRT/TC_01_LoginOk

2018-01-04 00:29:41 - [TEST_STEP][PASSED] - callTestCase: Call Test Case 'Test Cases/FunzioniBase/fNavigaHomePage' successfully

2018-01-04 00:29:41 - [TEST_CASE][PASSED] - Test Cases/FunzioniBase/fNavigaHomePage: Test Cases/FunzioniBase/fNavigaHomePage

2018-01-04 00:29:41 - [TEST_STEP][PASSED] - openBrowser: Browser is opened with url: ''

2018-01-04 00:29:43 - [MESSAGE][PASSED] - Browser is opened with url: ''

2018-01-04 00:29:43 - [TEST_STEP][PASSED] - navigateToUrl: Navigate to 'http://www.telepass.it' successfully

2018-01-04 00:29:44 - [MESSAGE][PASSED] - Navigate to 'http://www.telepass.it' successfully

2018-01-04 00:29:44 - [TEST_STEP][PASSED] - switchToWindowTitle: Switched to window with title: 'Telepass: la soluzione di pagamento per la tua mobilità'

2018-01-04 00:29:45 - [MESSAGE][PASSED] - Switched to window with title: 'Telepass: la soluzione di pagamento per la tua mobilità'

2018-01-04 00:29:45 - [MESSAGE][PASSED] - Call Test Case 'Test Cases/FunzioniBase/fNavigaHomePage' successfully

2018-01-04 00:29:45 - [TEST_STEP][PASSED] - callTestCase: Call Test Case 'Test Cases/FunzioniBase/fLogin' successfully

2018-01-04 00:29:45 - [TEST_CASE][PASSED] - Test Cases/FunzioniBase/fLogin: Test Cases/FunzioniBase/fLogin

2018-01-04 00:29:45 - [TEST_STEP][PASSED] - click: Object: 'Object Repository/Page_home/span_Accedi' is clicked on

2018-01-04 00:29:46 - [MESSAGE][PASSED] - Object: 'Object Repository/Page_home/span_Accedi' is clicked on

2018-01-04 00:29:46 - [TEST_STEP][PASSED] - setText: Text 'cgaiani' is set on object 'Object Repository/Page_login/input_username'

2018-01-04 00:29:46 - [MESSAGE][PASSED] - Text 'cgaiani' is set on object 'Object Repository/Page_login/input_username'

2018-01-04 00:29:46 - [TEST_STEP][PASSED] - setText: Text 'alice123' is set on object 'Object Repository/Page_login/input_password'

2018-01-04 00:29:46 - [MESSAGE][PASSED] - Text 'alice123' is set on object 'Object Repository/Page_login/input_password'

2018-01-04 00:29:46 - [TEST_STEP][PASSED] - click: Object: 'Object Repository/Page_login/button_ACCEDI' is clicked on

2018-01-04 00:29:49 - [MESSAGE][PASSED] - Object: 'Object Repository/Page_login/button_ACCEDI' is clicked on

2018-01-04 00:29:49 - [MESSAGE][PASSED] - Call Test Case 'Test Cases/FunzioniBase/fLogin' successfully

2018-01-04 00:29:49 - [TEST_STEP][PASSED] - verifyElementText: Actual text and expected text of test object 'Object Repository/Page_homeContratto/NomeUtenteLoggato' are matched.

2018-01-04 00:29:49 - [MESSAGE][PASSED] - Actual text and expected text of test object 'Object Repository/Page_homeContratto/NomeUtenteLoggato' are matched.

2018-01-04 00:29:49 - [TEST_STEP][PASSED] - closeBrowser: Browser is closed

2018-01-04 00:29:50 - [MESSAGE][PASSED] - Browser is closed]]></system-out>
         <system-err><![CDATA[]]></system-err>
      </testcase>
      <testcase name="Test Cases/NRT/TC_01_LoginOk - Iteration 7" classname="Test Cases/NRT/TC_01_LoginOk" status="PASSED">
         <system-out><![CDATA[2018-01-04 00:29:50 - [TEST_CASE][PASSED] - Test Cases/NRT/TC_01_LoginOk - Iteration 7: Test Cases/NRT/TC_01_LoginOk

2018-01-04 00:29:50 - [TEST_STEP][PASSED] - callTestCase: Call Test Case 'Test Cases/FunzioniBase/fNavigaHomePage' successfully

2018-01-04 00:29:50 - [TEST_CASE][PASSED] - Test Cases/FunzioniBase/fNavigaHomePage: Test Cases/FunzioniBase/fNavigaHomePage

2018-01-04 00:29:50 - [TEST_STEP][PASSED] - openBrowser: Browser is opened with url: ''

2018-01-04 00:29:52 - [MESSAGE][PASSED] - Browser is opened with url: ''

2018-01-04 00:29:52 - [TEST_STEP][PASSED] - navigateToUrl: Navigate to 'http://www.telepass.it' successfully

2018-01-04 00:29:53 - [MESSAGE][PASSED] - Navigate to 'http://www.telepass.it' successfully

2018-01-04 00:29:53 - [TEST_STEP][PASSED] - switchToWindowTitle: Switched to window with title: 'Telepass: la soluzione di pagamento per la tua mobilità'

2018-01-04 00:29:55 - [MESSAGE][PASSED] - Switched to window with title: 'Telepass: la soluzione di pagamento per la tua mobilità'

2018-01-04 00:29:55 - [MESSAGE][PASSED] - Call Test Case 'Test Cases/FunzioniBase/fNavigaHomePage' successfully

2018-01-04 00:29:55 - [TEST_STEP][PASSED] - callTestCase: Call Test Case 'Test Cases/FunzioniBase/fLogin' successfully

2018-01-04 00:29:55 - [TEST_CASE][PASSED] - Test Cases/FunzioniBase/fLogin: Test Cases/FunzioniBase/fLogin

2018-01-04 00:29:55 - [TEST_STEP][PASSED] - click: Object: 'Object Repository/Page_home/span_Accedi' is clicked on

2018-01-04 00:29:55 - [MESSAGE][PASSED] - Object: 'Object Repository/Page_home/span_Accedi' is clicked on

2018-01-04 00:29:55 - [TEST_STEP][PASSED] - setText: Text 'cgaiani' is set on object 'Object Repository/Page_login/input_username'

2018-01-04 00:29:55 - [MESSAGE][PASSED] - Text 'cgaiani' is set on object 'Object Repository/Page_login/input_username'

2018-01-04 00:29:55 - [TEST_STEP][PASSED] - setText: Text 'alice123' is set on object 'Object Repository/Page_login/input_password'

2018-01-04 00:29:55 - [MESSAGE][PASSED] - Text 'alice123' is set on object 'Object Repository/Page_login/input_password'

2018-01-04 00:29:55 - [TEST_STEP][PASSED] - click: Object: 'Object Repository/Page_login/button_ACCEDI' is clicked on

2018-01-04 00:29:58 - [MESSAGE][PASSED] - Object: 'Object Repository/Page_login/button_ACCEDI' is clicked on

2018-01-04 00:29:58 - [MESSAGE][PASSED] - Call Test Case 'Test Cases/FunzioniBase/fLogin' successfully

2018-01-04 00:29:58 - [TEST_STEP][PASSED] - verifyElementText: Actual text and expected text of test object 'Object Repository/Page_homeContratto/NomeUtenteLoggato' are matched.

2018-01-04 00:29:58 - [MESSAGE][PASSED] - Actual text and expected text of test object 'Object Repository/Page_homeContratto/NomeUtenteLoggato' are matched.

2018-01-04 00:29:58 - [TEST_STEP][PASSED] - closeBrowser: Browser is closed

2018-01-04 00:29:59 - [MESSAGE][PASSED] - Browser is closed]]></system-out>
         <system-err><![CDATA[]]></system-err>
      </testcase>
      <testcase name="Test Cases/NRT/TC_01_LoginOk - Iteration 8" classname="Test Cases/NRT/TC_01_LoginOk" status="PASSED">
         <system-out><![CDATA[2018-01-04 00:29:59 - [TEST_CASE][PASSED] - Test Cases/NRT/TC_01_LoginOk - Iteration 8: Test Cases/NRT/TC_01_LoginOk

2018-01-04 00:29:59 - [TEST_STEP][PASSED] - callTestCase: Call Test Case 'Test Cases/FunzioniBase/fNavigaHomePage' successfully

2018-01-04 00:29:59 - [TEST_CASE][PASSED] - Test Cases/FunzioniBase/fNavigaHomePage: Test Cases/FunzioniBase/fNavigaHomePage

2018-01-04 00:29:59 - [TEST_STEP][PASSED] - openBrowser: Browser is opened with url: ''

2018-01-04 00:30:01 - [MESSAGE][PASSED] - Browser is opened with url: ''

2018-01-04 00:30:01 - [TEST_STEP][PASSED] - navigateToUrl: Navigate to 'http://www.telepass.it' successfully

2018-01-04 00:30:03 - [MESSAGE][PASSED] - Navigate to 'http://www.telepass.it' successfully

2018-01-04 00:30:03 - [TEST_STEP][PASSED] - switchToWindowTitle: Switched to window with title: 'Telepass: la soluzione di pagamento per la tua mobilità'

2018-01-04 00:30:05 - [MESSAGE][PASSED] - Switched to window with title: 'Telepass: la soluzione di pagamento per la tua mobilità'

2018-01-04 00:30:05 - [MESSAGE][PASSED] - Call Test Case 'Test Cases/FunzioniBase/fNavigaHomePage' successfully

2018-01-04 00:30:05 - [TEST_STEP][PASSED] - callTestCase: Call Test Case 'Test Cases/FunzioniBase/fLogin' successfully

2018-01-04 00:30:05 - [TEST_CASE][PASSED] - Test Cases/FunzioniBase/fLogin: Test Cases/FunzioniBase/fLogin

2018-01-04 00:30:05 - [TEST_STEP][PASSED] - click: Object: 'Object Repository/Page_home/span_Accedi' is clicked on

2018-01-04 00:30:06 - [MESSAGE][PASSED] - Object: 'Object Repository/Page_home/span_Accedi' is clicked on

2018-01-04 00:30:06 - [TEST_STEP][PASSED] - setText: Text 'cgaiani' is set on object 'Object Repository/Page_login/input_username'

2018-01-04 00:30:06 - [MESSAGE][PASSED] - Text 'cgaiani' is set on object 'Object Repository/Page_login/input_username'

2018-01-04 00:30:06 - [TEST_STEP][PASSED] - setText: Text 'alice123' is set on object 'Object Repository/Page_login/input_password'

2018-01-04 00:30:06 - [MESSAGE][PASSED] - Text 'alice123' is set on object 'Object Repository/Page_login/input_password'

2018-01-04 00:30:06 - [TEST_STEP][PASSED] - click: Object: 'Object Repository/Page_login/button_ACCEDI' is clicked on

2018-01-04 00:30:08 - [MESSAGE][PASSED] - Object: 'Object Repository/Page_login/button_ACCEDI' is clicked on

2018-01-04 00:30:08 - [MESSAGE][PASSED] - Call Test Case 'Test Cases/FunzioniBase/fLogin' successfully

2018-01-04 00:30:08 - [TEST_STEP][PASSED] - verifyElementText: Actual text and expected text of test object 'Object Repository/Page_homeContratto/NomeUtenteLoggato' are matched.

2018-01-04 00:30:09 - [MESSAGE][PASSED] - Actual text and expected text of test object 'Object Repository/Page_homeContratto/NomeUtenteLoggato' are matched.

2018-01-04 00:30:09 - [TEST_STEP][PASSED] - closeBrowser: Browser is closed

2018-01-04 00:30:10 - [MESSAGE][PASSED] - Browser is closed]]></system-out>
         <system-err><![CDATA[]]></system-err>
      </testcase>
      <testcase name="Test Cases/NRT/TC_02_CambiaEmail" classname="Test Cases/NRT/TC_02_CambiaEmail" status="PASSED">
         <system-out><![CDATA[2018-01-04 00:30:10 - [TEST_CASE][PASSED] - Test Cases/NRT/TC_02_CambiaEmail: Test Cases/NRT/TC_02_CambiaEmail

2018-01-04 00:30:10 - [TEST_STEP][PASSED] - openBrowser: Browser is opened with url: ''

2018-01-04 00:30:12 - [MESSAGE][PASSED] - Browser is opened with url: ''

2018-01-04 00:30:12 - [TEST_STEP][PASSED] - callTestCase: Call Test Case 'Test Cases/FunzioniBase/fNavigaHomePage' successfully

2018-01-04 00:30:12 - [TEST_CASE][PASSED] - Test Cases/FunzioniBase/fNavigaHomePage: Test Cases/FunzioniBase/fNavigaHomePage

2018-01-04 00:30:12 - [TEST_STEP][PASSED] - openBrowser: Browser is opened with url: ''

2018-01-04 00:30:12 - [MESSAGE][WARNING] - A browser is already opened. Closing browser and opening a new one

2018-01-04 00:30:14 - [MESSAGE][PASSED] - Browser is opened with url: ''

2018-01-04 00:30:14 - [TEST_STEP][PASSED] - navigateToUrl: Navigate to 'http://www.telepass.it' successfully

2018-01-04 00:30:16 - [MESSAGE][PASSED] - Navigate to 'http://www.telepass.it' successfully

2018-01-04 00:30:16 - [TEST_STEP][PASSED] - switchToWindowTitle: Switched to window with title: 'Telepass: la soluzione di pagamento per la tua mobilità'

2018-01-04 00:30:18 - [MESSAGE][PASSED] - Switched to window with title: 'Telepass: la soluzione di pagamento per la tua mobilità'

2018-01-04 00:30:18 - [MESSAGE][PASSED] - Call Test Case 'Test Cases/FunzioniBase/fNavigaHomePage' successfully

2018-01-04 00:30:18 - [TEST_STEP][PASSED] - callTestCase: Call Test Case 'Test Cases/FunzioniBase/fLogin' successfully

2018-01-04 00:30:18 - [TEST_CASE][PASSED] - Test Cases/FunzioniBase/fLogin: Test Cases/FunzioniBase/fLogin

2018-01-04 00:30:18 - [TEST_STEP][PASSED] - click: Object: 'Object Repository/Page_home/span_Accedi' is clicked on

2018-01-04 00:30:19 - [MESSAGE][PASSED] - Object: 'Object Repository/Page_home/span_Accedi' is clicked on

2018-01-04 00:30:19 - [TEST_STEP][PASSED] - setText: Text 'cgaiani' is set on object 'Object Repository/Page_login/input_username'

2018-01-04 00:30:19 - [MESSAGE][PASSED] - Text 'cgaiani' is set on object 'Object Repository/Page_login/input_username'

2018-01-04 00:30:19 - [TEST_STEP][PASSED] - setText: Text 'alice123' is set on object 'Object Repository/Page_login/input_password'

2018-01-04 00:30:19 - [MESSAGE][PASSED] - Text 'alice123' is set on object 'Object Repository/Page_login/input_password'

2018-01-04 00:30:19 - [TEST_STEP][PASSED] - click: Object: 'Object Repository/Page_login/button_ACCEDI' is clicked on

2018-01-04 00:30:22 - [MESSAGE][PASSED] - Object: 'Object Repository/Page_login/button_ACCEDI' is clicked on

2018-01-04 00:30:22 - [MESSAGE][PASSED] - Call Test Case 'Test Cases/FunzioniBase/fLogin' successfully

2018-01-04 00:30:22 - [TEST_STEP][PASSED] - click: Object: 'Object Repository/Page_homeContratto/link_aggiornaDati' is clicked on

2018-01-04 00:30:23 - [MESSAGE][PASSED] - Object: 'Object Repository/Page_homeContratto/link_aggiornaDati' is clicked on

2018-01-04 00:30:23 - [TEST_STEP][PASSED] - click: Object: 'Object Repository/Page_homeContratto/link_aggiornaDati' is clicked on

2018-01-04 00:30:23 - [MESSAGE][PASSED] - Object: 'Object Repository/Page_homeContratto/link_aggiornaDati' is clicked on

2018-01-04 00:30:23 - [TEST_STEP][PASSED] - click: Object: 'Object Repository/Page_clienteModificaDati/link_cambiaEmail' is clicked on

2018-01-04 00:30:24 - [MESSAGE][PASSED] - Object: 'Object Repository/Page_clienteModificaDati/link_cambiaEmail' is clicked on

2018-01-04 00:30:24 - [TEST_STEP][PASSED] - setText: Text 'cgaiani73@gmail.com' is set on object 'Object Repository/Page_clienteModificaDati/input_inputPostaElettronica'

2018-01-04 00:30:24 - [MESSAGE][PASSED] - Text 'cgaiani73@gmail.com' is set on object 'Object Repository/Page_clienteModificaDati/input_inputPostaElettronica'

2018-01-04 00:30:24 - [TEST_STEP][PASSED] - setText: Text 'cgaiani73@gmail.com' is set on object 'Object Repository/Page_clienteModificaDati/input_inputPostaElettronicaVer'

2018-01-04 00:30:24 - [MESSAGE][PASSED] - Text 'cgaiani73@gmail.com' is set on object 'Object Repository/Page_clienteModificaDati/input_inputPostaElettronicaVer'

2018-01-04 00:30:24 - [TEST_STEP][PASSED] - submit: The form containing object: 'Object Repository/Page_clienteModificaDati/modificaForm' is submitted

2018-01-04 00:30:25 - [MESSAGE][PASSED] - The form containing object: 'Object Repository/Page_clienteModificaDati/modificaForm' is submitted

2018-01-04 00:30:25 - [TEST_STEP][PASSED] - closeBrowser: Browser is closed

2018-01-04 00:30:25 - [MESSAGE][PASSED] - Browser is closed]]></system-out>
         <system-err><![CDATA[]]></system-err>
      </testcase>
      <system-out><![CDATA[2018-01-04 00:28:41 - [TEST_SUITE][FAILED] - TestSuite1: Test Cases/NRT/TC_01_LoginOk FAILED because (of) Verify element text of test object 'Object Repository/Page_homeContratto/NomeUtenteLoggato' FAILED. (Root cause: org.openqa.selenium.NoSuchWindowException: no such window: target window already closed
from unknown error: web view not found
  (Session info: chrome=63.0.3239.84)
  (Driver info: chromedriver=2.33.506120 (e3e53437346286c0bc2d2dc9aa4915ba81d9023f),platform=Windows NT 10.0.16299 x86_64) (WARNING: The server did not provide any stacktrace information)
Command duration or timeout: 0 milliseconds
Build info: version: '3.7.1', revision: '8a0099a', time: '2017-11-06T21:07:36.161Z'
System info: host: 'ASUS-HOME', ip: '192.168.1.80', os.name: 'Windows 10', os.arch: 'amd64', os.version: '10.0', java.version: '1.8.0_102'
Driver info: com.kms.katalon.selenium.driver.CChromeDriver
Capabilities {acceptSslCerts: true, applicationCacheEnabled: false, browserConnectionEnabled: false, browserName: chrome, chrome: {chromedriverVersion: 2.33.506120 (e3e53437346286..., userDataDir: C:\Users\Claudio\AppData\Lo...}, cssSelectorsEnabled: true, databaseEnabled: false, handlesAlerts: true, hasTouchScreen: false, javascriptEnabled: true, locationContextEnabled: true, mobileEmulationEnabled: false, nativeEvents: true, networkConnectionEnabled: false, pageLoadStrategy: normal, platform: XP, platformName: XP, rotatable: false, setWindowRect: true, takesHeapSnapshot: true, takesScreenshot: true, unexpectedAlertBehaviour: , unhandledPromptBehavior: , version: 63.0.3239.84, webStorageEnabled: true}
Session ID: 3a56fc896368f26b691462f70f497033
*** Element info: {Using=xpath, value=//*[@class = 'cliente-nome']})]]></system-out>
      <system-err><![CDATA[2018-01-04 00:28:41 - [TEST_SUITE][FAILED] - TestSuite1: Test Cases/NRT/TC_01_LoginOk FAILED because (of) Verify element text of test object 'Object Repository/Page_homeContratto/NomeUtenteLoggato' FAILED. (Root cause: org.openqa.selenium.NoSuchWindowException: no such window: target window already closed
from unknown error: web view not found
  (Session info: chrome=63.0.3239.84)
  (Driver info: chromedriver=2.33.506120 (e3e53437346286c0bc2d2dc9aa4915ba81d9023f),platform=Windows NT 10.0.16299 x86_64) (WARNING: The server did not provide any stacktrace information)
Command duration or timeout: 0 milliseconds
Build info: version: '3.7.1', revision: '8a0099a', time: '2017-11-06T21:07:36.161Z'
System info: host: 'ASUS-HOME', ip: '192.168.1.80', os.name: 'Windows 10', os.arch: 'amd64', os.version: '10.0', java.version: '1.8.0_102'
Driver info: com.kms.katalon.selenium.driver.CChromeDriver
Capabilities {acceptSslCerts: true, applicationCacheEnabled: false, browserConnectionEnabled: false, browserName: chrome, chrome: {chromedriverVersion: 2.33.506120 (e3e53437346286..., userDataDir: C:\Users\Claudio\AppData\Lo...}, cssSelectorsEnabled: true, databaseEnabled: false, handlesAlerts: true, hasTouchScreen: false, javascriptEnabled: true, locationContextEnabled: true, mobileEmulationEnabled: false, nativeEvents: true, networkConnectionEnabled: false, pageLoadStrategy: normal, platform: XP, platformName: XP, rotatable: false, setWindowRect: true, takesHeapSnapshot: true, takesScreenshot: true, unexpectedAlertBehaviour: , unhandledPromptBehavior: , version: 63.0.3239.84, webStorageEnabled: true}
Session ID: 3a56fc896368f26b691462f70f497033
*** Element info: {Using=xpath, value=//*[@class = 'cliente-nome']})]]></system-err>
   </testsuite>
</testsuites>
